2025-05-07 00:43:50 - __main__ - [INFO] Conectado al servidor!. Registrando equipo...
2025-05-07 00:43:50 - __main__ - [INFO] Registro enviado. Esperando respuesta...
2025-05-07 00:43:51 - __main__ - [INFO] El token del equipo es: TOKEN-8da5cd30-bea5-4dc2-9935-3c85daa052e3
2025-05-07 00:44:20 - __main__ - [INFO] Tienes la pelota!
2025-05-07 00:44:20 - __main__ - [INFO] Accion enviada. Mensaje: mensaje_id='PATEAR' token='TOKEN-8da5cd30-bea5-4dc2-9935-3c85daa052e3' datos={'x': 6, 'y': 19}
2025-05-07 00:44:22 - __main__ - [INFO] Reaccionar
2025-05-07 00:44:22 - utils - [INFO] Jugador mas cercano 11
2025-05-07 00:44:22 - __main__ - [INFO] Accion enviada. Mensaje: mensaje_id='CORRER' token='TOKEN-8da5cd30-bea5-4dc2-9935-3c85daa052e3' datos={'movimientos': [{'jugador_numero': 11, 'x': 7, 'y': 12}]}
2025-05-07 00:44:22 - __main__ - [INFO] Reaccionar
2025-05-07 00:44:22 - utils - [INFO] Jugador mas cercano 11
2025-05-07 00:44:22 - __main__ - [INFO] Accion enviada. Mensaje: mensaje_id='CORRER' token='TOKEN-8da5cd30-bea5-4dc2-9935-3c85daa052e3' datos={'movimientos': [{'jugador_numero': 11, 'x': 7, 'y': 12}]}
2025-05-07 00:44:23 - __main__ - [INFO] Reaccionar
2025-05-07 00:44:23 - utils - [INFO] Jugador mas cercano 11
2025-05-07 00:44:23 - __main__ - [INFO] Accion enviada. Mensaje: mensaje_id='CORRER' token='TOKEN-8da5cd30-bea5-4dc2-9935-3c85daa052e3' datos={'movimientos': [{'jugador_numero': 11, 'x': 7, 'y': 12}]}
2025-05-07 00:44:23 - __main__ - [INFO] Reaccionar
2025-05-07 00:44:23 - utils - [INFO] Jugador mas cercano 10
2025-05-07 00:44:23 - __main__ - [INFO] Accion enviada. Mensaje: mensaje_id='MARCAR_ADVERSARIO' token='TOKEN-8da5cd30-bea5-4dc2-9935-3c85daa052e3' datos={'jugador_numero': 10, 'adversario_numero': 11}
2025-05-07 00:44:23 - __main__ - [INFO] Tienes la pelota!
2025-05-07 00:44:23 - __main__ - [INFO] Accion enviada. Mensaje: mensaje_id='PATEAR' token='TOKEN-8da5cd30-bea5-4dc2-9935-3c85daa052e3' datos={'x': 6, 'y': 19}
2025-05-07 00:44:23 - __main__ - [INFO] Tienes la pelota!
2025-05-07 00:44:23 - __main__ - [INFO] Accion enviada. Mensaje: mensaje_id='PATEAR' token='TOKEN-8da5cd30-bea5-4dc2-9935-3c85daa052e3' datos={'x': 6, 'y': 19}
2025-05-07 00:44:23 - __main__ - [WARNING] Otro mensaje recibido. Mensaje enviado: 
Mensaje Enviado: mensaje_id='PATEAR' token='TOKEN-8da5cd30-bea5-4dc2-9935-3c85daa052e3' datos={'x': 6, 'y': 19}

Mensaje recibido: None
2025-05-07 00:44:24 - __main__ - [INFO] Tienes la pelota!
2025-05-07 00:44:24 - __main__ - [INFO] Accion enviada. Mensaje: mensaje_id='PATEAR' token='TOKEN-8da5cd30-bea5-4dc2-9935-3c85daa052e3' datos={'x': 6, 'y': 19}
2025-05-07 00:44:24 - __main__ - [INFO] Reaccionar
2025-05-07 00:44:24 - utils - [INFO] Jugador mas cercano 11
2025-05-07 00:44:24 - __main__ - [INFO] Accion enviada. Mensaje: mensaje_id='MARCAR_ADVERSARIO' token='TOKEN-8da5cd30-bea5-4dc2-9935-3c85daa052e3' datos={'jugador_numero': 11, 'adversario_numero': 7}
2025-05-07 00:44:24 - __main__ - [INFO] Reaccionar
2025-05-07 00:44:24 - utils - [INFO] Jugador mas cercano 11
2025-05-07 00:44:24 - __main__ - [INFO] Accion enviada. Mensaje: mensaje_id='MARCAR_ADVERSARIO' token='TOKEN-8da5cd30-bea5-4dc2-9935-3c85daa052e3' datos={'jugador_numero': 11, 'adversario_numero': 7}
2025-05-07 00:44:24 - __main__ - [WARNING] Otro mensaje recibido. Mensaje enviado: 
Mensaje Enviado: mensaje_id='MARCAR_ADVERSARIO' token='TOKEN-8da5cd30-bea5-4dc2-9935-3c85daa052e3' datos={'jugador_numero': 11, 'adversario_numero': 7}

Mensaje recibido: None
2025-05-07 00:44:25 - __main__ - [ERROR] Mensaje de error del servidor. Mensaje enviado: mensaje_id='MARCAR_ADVERSARIO' token='TOKEN-8da5cd30-bea5-4dc2-9935-3c85daa052e3' datos={'jugador_numero': 11, 'adversario_numero': 7}, Mensaje recibido: mensaje_id='ERROR' datos={'descripcion': 'PATEAR no se puede ejecturar por no poseer la pelota.'}
2025-05-07 00:44:25 - __main__ - [INFO] Tienes la pelota!
2025-05-07 00:44:25 - __main__ - [INFO] Accion enviada. Mensaje: mensaje_id='PATEAR' token='TOKEN-8da5cd30-bea5-4dc2-9935-3c85daa052e3' datos={'x': 6, 'y': 19}
2025-05-07 00:44:25 - __main__ - [INFO] Tienes la pelota!
2025-05-07 00:44:25 - __main__ - [INFO] Accion enviada. Mensaje: mensaje_id='PATEAR' token='TOKEN-8da5cd30-bea5-4dc2-9935-3c85daa052e3' datos={'x': 6, 'y': 19}
2025-05-07 00:44:26 - __main__ - [INFO] Reaccionar
2025-05-07 00:44:26 - utils - [INFO] Jugador mas cercano 10
2025-05-07 00:44:26 - __main__ - [INFO] Accion enviada. Mensaje: mensaje_id='MARCAR_ADVERSARIO' token='TOKEN-8da5cd30-bea5-4dc2-9935-3c85daa052e3' datos={'jugador_numero': 10, 'adversario_numero': 11}
2025-05-07 00:44:26 - __main__ - [INFO] Reaccionar
2025-05-07 00:44:26 - utils - [INFO] Jugador mas cercano 11
2025-05-07 00:44:26 - __main__ - [INFO] Accion enviada. Mensaje: mensaje_id='CORRER' token='TOKEN-8da5cd30-bea5-4dc2-9935-3c85daa052e3' datos={'movimientos': [{'jugador_numero': 11, 'x': 6, 'y': 16}]}
2025-05-07 00:44:26 - __main__ - [ERROR] Mensaje de error del servidor. Mensaje enviado: mensaje_id='CORRER' token='TOKEN-8da5cd30-bea5-4dc2-9935-3c85daa052e3' datos={'movimientos': [{'jugador_numero': 11, 'x': 6, 'y': 16}]}, Mensaje recibido: mensaje_id='ERROR' datos={'descripcion': 'PATEAR no se puede ejecturar por no poseer la pelota.'}
2025-05-07 00:44:26 - __main__ - [INFO] Reaccionar
2025-05-07 00:44:26 - utils - [INFO] Jugador mas cercano 11
2025-05-07 00:44:26 - __main__ - [INFO] Accion enviada. Mensaje: mensaje_id='CORRER' token='TOKEN-8da5cd30-bea5-4dc2-9935-3c85daa052e3' datos={'movimientos': [{'jugador_numero': 11, 'x': 6, 'y': 16}]}
2025-05-07 00:44:26 - __main__ - [WARNING] Otro mensaje recibido. Mensaje enviado: 
Mensaje Enviado: mensaje_id='CORRER' token='TOKEN-8da5cd30-bea5-4dc2-9935-3c85daa052e3' datos={'movimientos': [{'jugador_numero': 11, 'x': 6, 'y': 16}]}

Mensaje recibido: None
2025-05-07 00:44:27 - __main__ - [INFO] Reaccionar
2025-05-07 00:44:27 - utils - [INFO] Jugador mas cercano 11
2025-05-07 00:44:27 - __main__ - [INFO] Accion enviada. Mensaje: mensaje_id='CORRER' token='TOKEN-8da5cd30-bea5-4dc2-9935-3c85daa052e3' datos={'movimientos': [{'jugador_numero': 11, 'x': 6, 'y': 16}]}
2025-05-07 00:44:27 - __main__ - [INFO] Reaccionar
2025-05-07 00:44:27 - utils - [INFO] Jugador mas cercano 11
2025-05-07 00:44:27 - __main__ - [INFO] Accion enviada. Mensaje: mensaje_id='CORRER' token='TOKEN-8da5cd30-bea5-4dc2-9935-3c85daa052e3' datos={'movimientos': [{'jugador_numero': 11, 'x': 6, 'y': 16}]}
2025-05-07 00:44:27 - __main__ - [INFO] Tienes la pelota!
2025-05-07 00:44:27 - __main__ - [INFO] Accion enviada. Mensaje: mensaje_id='PATEAR' token='TOKEN-8da5cd30-bea5-4dc2-9935-3c85daa052e3' datos={'x': 6, 'y': 19}
2025-05-07 00:44:27 - __main__ - [INFO] Tienes la pelota!
2025-05-07 00:44:27 - __main__ - [INFO] Accion enviada. Mensaje: mensaje_id='PATEAR' token='TOKEN-8da5cd30-bea5-4dc2-9935-3c85daa052e3' datos={'x': 6, 'y': 19}
2025-05-07 00:44:27 - __main__ - [WARNING] Otro mensaje recibido. Mensaje enviado: 
Mensaje Enviado: mensaje_id='PATEAR' token='TOKEN-8da5cd30-bea5-4dc2-9935-3c85daa052e3' datos={'x': 6, 'y': 19}

Mensaje recibido: None
2025-05-07 00:44:28 - __main__ - [INFO] Tienes la pelota!
2025-05-07 00:44:28 - __main__ - [INFO] Accion enviada. Mensaje: mensaje_id='PATEAR' token='TOKEN-8da5cd30-bea5-4dc2-9935-3c85daa052e3' datos={'x': 6, 'y': 19}
2025-05-07 00:44:28 - __main__ - [INFO] Tienes la pelota!
2025-05-07 00:44:28 - __main__ - [INFO] Accion enviada. Mensaje: mensaje_id='PATEAR' token='TOKEN-8da5cd30-bea5-4dc2-9935-3c85daa052e3' datos={'x': 6, 'y': 19}
2025-05-07 00:44:28 - __main__ - [INFO] Reaccionar
2025-05-07 00:44:28 - utils - [INFO] Jugador mas cercano 11
2025-05-07 00:44:28 - __main__ - [INFO] Accion enviada. Mensaje: mensaje_id='MARCAR_ADVERSARIO' token='TOKEN-8da5cd30-bea5-4dc2-9935-3c85daa052e3' datos={'jugador_numero': 11, 'adversario_numero': 3}
2025-05-07 00:44:28 - __main__ - [INFO] Reaccionar
2025-05-07 00:44:28 - utils - [INFO] Jugador mas cercano 11
2025-05-07 00:44:28 - __main__ - [INFO] Accion enviada. Mensaje: mensaje_id='MARCAR_ADVERSARIO' token='TOKEN-8da5cd30-bea5-4dc2-9935-3c85daa052e3' datos={'jugador_numero': 11, 'adversario_numero': 3}
2025-05-07 00:44:28 - __main__ - [WARNING] Otro mensaje recibido. Mensaje enviado: 
Mensaje Enviado: mensaje_id='MARCAR_ADVERSARIO' token='TOKEN-8da5cd30-bea5-4dc2-9935-3c85daa052e3' datos={'jugador_numero': 11, 'adversario_numero': 3}

Mensaje recibido: None
2025-05-07 00:44:29 - __main__ - [ERROR] Mensaje de error del servidor. Mensaje enviado: mensaje_id='MARCAR_ADVERSARIO' token='TOKEN-8da5cd30-bea5-4dc2-9935-3c85daa052e3' datos={'jugador_numero': 11, 'adversario_numero': 3}, Mensaje recibido: mensaje_id='ERROR' datos={'descripcion': 'PATEAR no se puede ejecturar por no poseer la pelota.'}
2025-05-07 00:44:29 - __main__ - [INFO] Reaccionar
2025-05-07 00:44:29 - utils - [INFO] Jugador mas cercano 11
2025-05-07 00:44:29 - __main__ - [INFO] Accion enviada. Mensaje: mensaje_id='MARCAR_ADVERSARIO' token='TOKEN-8da5cd30-bea5-4dc2-9935-3c85daa052e3' datos={'jugador_numero': 11, 'adversario_numero': 3}
2025-05-07 00:44:29 - __main__ - [ERROR] Mensaje de error del servidor. Mensaje enviado: mensaje_id='MARCAR_ADVERSARIO' token='TOKEN-8da5cd30-bea5-4dc2-9935-3c85daa052e3' datos={'jugador_numero': 11, 'adversario_numero': 3}, Mensaje recibido: mensaje_id='ERROR' datos={'descripcion': 'PATEAR no se puede ejecturar por no poseer la pelota.'}
2025-05-07 00:44:29 - __main__ - [INFO] Reaccionar
2025-05-07 00:44:29 - utils - [INFO] Jugador mas cercano 11
2025-05-07 00:44:29 - __main__ - [INFO] Accion enviada. Mensaje: mensaje_id='MARCAR_ADVERSARIO' token='TOKEN-8da5cd30-bea5-4dc2-9935-3c85daa052e3' datos={'jugador_numero': 11, 'adversario_numero': 3}
2025-05-07 00:44:30 - __main__ - [INFO] Reaccionar
2025-05-07 00:44:30 - utils - [INFO] Jugador mas cercano 11
2025-05-07 00:44:30 - __main__ - [INFO] Accion enviada. Mensaje: mensaje_id='MARCAR_ADVERSARIO' token='TOKEN-8da5cd30-bea5-4dc2-9935-3c85daa052e3' datos={'jugador_numero': 11, 'adversario_numero': 3}
2025-05-07 00:44:30 - __main__ - [INFO] Reaccionar
2025-05-07 00:44:30 - utils - [INFO] Jugador mas cercano 10
2025-05-07 00:44:30 - __main__ - [INFO] Accion enviada. Mensaje: mensaje_id='CORRER' token='TOKEN-8da5cd30-bea5-4dc2-9935-3c85daa052e3' datos={'movimientos': [{'jugador_numero': 10, 'x': 6, 'y': 12}]}
2025-05-07 00:44:30 - __main__ - [INFO] Reaccionar
2025-05-07 00:44:30 - utils - [INFO] Jugador mas cercano 11
2025-05-07 00:44:30 - __main__ - [INFO] Accion enviada. Mensaje: mensaje_id='MARCAR_ADVERSARIO' token='TOKEN-8da5cd30-bea5-4dc2-9935-3c85daa052e3' datos={'jugador_numero': 11, 'adversario_numero': 3}
2025-05-07 00:44:30 - __main__ - [INFO] Tienes la pelota!
2025-05-07 00:44:30 - __main__ - [INFO] Accion enviada. Mensaje: mensaje_id='PATEAR' token='TOKEN-8da5cd30-bea5-4dc2-9935-3c85daa052e3' datos={'x': 6, 'y': 19}
2025-05-07 00:44:30 - __main__ - [WARNING] Otro mensaje recibido. Mensaje enviado: 
Mensaje Enviado: mensaje_id='PATEAR' token='TOKEN-8da5cd30-bea5-4dc2-9935-3c85daa052e3' datos={'x': 6, 'y': 19}

Mensaje recibido: None
2025-05-07 00:44:31 - __main__ - [INFO] Reaccionar
2025-05-07 00:44:31 - utils - [INFO] Jugador mas cercano 11
2025-05-07 00:44:31 - __main__ - [INFO] Accion enviada. Mensaje: mensaje_id='MARCAR_ADVERSARIO' token='TOKEN-8da5cd30-bea5-4dc2-9935-3c85daa052e3' datos={'jugador_numero': 11, 'adversario_numero': 3}
2025-05-07 00:44:31 - __main__ - [INFO] Reaccionar
2025-05-07 00:44:31 - utils - [INFO] Pelota en el aire.
2025-05-07 00:44:31 - utils - [INFO] Jugador mas cercano 11
2025-05-07 00:44:31 - __main__ - [INFO] Accion enviada. Mensaje: mensaje_id='CORRER' token='TOKEN-8da5cd30-bea5-4dc2-9935-3c85daa052e3' datos={'movimientos': [{'jugador_numero': 11, 'x': 6, 'y': 16}]}
2025-05-07 00:44:31 - __main__ - [INFO] Reaccionar
2025-05-07 00:44:31 - utils - [INFO] Jugador mas cercano 11
2025-05-07 00:44:31 - __main__ - [INFO] Accion enviada. Mensaje: mensaje_id='MARCAR_ADVERSARIO' token='TOKEN-8da5cd30-bea5-4dc2-9935-3c85daa052e3' datos={'jugador_numero': 11, 'adversario_numero': 3}
2025-05-07 00:44:31 - __main__ - [INFO] Reaccionar
2025-05-07 00:44:31 - utils - [INFO] Jugador mas cercano 10
2025-05-07 00:44:31 - __main__ - [INFO] Accion enviada. Mensaje: mensaje_id='CORRER' token='TOKEN-8da5cd30-bea5-4dc2-9935-3c85daa052e3' datos={'movimientos': [{'jugador_numero': 10, 'x': 6, 'y': 11}]}
2025-05-07 00:44:31 - __main__ - [WARNING] Otro mensaje recibido. Mensaje enviado: 
Mensaje Enviado: mensaje_id='CORRER' token='TOKEN-8da5cd30-bea5-4dc2-9935-3c85daa052e3' datos={'movimientos': [{'jugador_numero': 10, 'x': 6, 'y': 11}]}

Mensaje recibido: None
2025-05-07 00:44:32 - __main__ - [INFO] Reaccionar
2025-05-07 00:44:32 - utils - [INFO] Jugador mas cercano 10
2025-05-07 00:44:32 - __main__ - [INFO] Accion enviada. Mensaje: mensaje_id='CORRER' token='TOKEN-8da5cd30-bea5-4dc2-9935-3c85daa052e3' datos={'movimientos': [{'jugador_numero': 10, 'x': 6, 'y': 11}]}
2025-05-07 00:44:32 - __main__ - [INFO] Reaccionar
2025-05-07 00:44:32 - utils - [INFO] Jugador mas cercano 10
2025-05-07 00:44:32 - __main__ - [INFO] Accion enviada. Mensaje: mensaje_id='CORRER' token='TOKEN-8da5cd30-bea5-4dc2-9935-3c85daa052e3' datos={'movimientos': [{'jugador_numero': 10, 'x': 6, 'y': 11}]}
2025-05-07 00:44:33 - __main__ - [INFO] Reaccionar
2025-05-07 00:44:33 - utils - [INFO] Jugador mas cercano 10
2025-05-07 00:44:33 - __main__ - [INFO] Accion enviada. Mensaje: mensaje_id='CORRER' token='TOKEN-8da5cd30-bea5-4dc2-9935-3c85daa052e3' datos={'movimientos': [{'jugador_numero': 10, 'x': 6, 'y': 11}]}
2025-05-07 00:44:33 - __main__ - [INFO] Reaccionar
2025-05-07 00:44:33 - utils - [INFO] Jugador mas cercano 10
2025-05-07 00:44:33 - __main__ - [INFO] Accion enviada. Mensaje: mensaje_id='CORRER' token='TOKEN-8da5cd30-bea5-4dc2-9935-3c85daa052e3' datos={'movimientos': [{'jugador_numero': 10, 'x': 6, 'y': 11}]}
2025-05-07 00:44:33 - __main__ - [INFO] Tienes la pelota!
2025-05-07 00:44:33 - __main__ - [INFO] Accion enviada. Mensaje: mensaje_id='PATEAR' token='TOKEN-8da5cd30-bea5-4dc2-9935-3c85daa052e3' datos={'x': 6, 'y': 19}
2025-05-07 00:44:33 - __main__ - [INFO] Tienes la pelota!
2025-05-07 00:44:33 - __main__ - [INFO] Accion enviada. Mensaje: mensaje_id='PATEAR' token='TOKEN-8da5cd30-bea5-4dc2-9935-3c85daa052e3' datos={'x': 6, 'y': 19}
2025-05-07 00:44:33 - __main__ - [WARNING] Otro mensaje recibido. Mensaje enviado: 
Mensaje Enviado: mensaje_id='PATEAR' token='TOKEN-8da5cd30-bea5-4dc2-9935-3c85daa052e3' datos={'x': 6, 'y': 19}

Mensaje recibido: None
2025-05-07 00:44:34 - __main__ - [INFO] Tienes la pelota!
2025-05-07 00:44:34 - __main__ - [INFO] Accion enviada. Mensaje: mensaje_id='PATEAR' token='TOKEN-8da5cd30-bea5-4dc2-9935-3c85daa052e3' datos={'x': 6, 'y': 19}
2025-05-07 00:44:34 - __main__ - [INFO] Reaccionar
2025-05-07 00:44:34 - utils - [INFO] Jugador mas cercano 10
2025-05-07 00:44:34 - __main__ - [INFO] Accion enviada. Mensaje: mensaje_id='MARCAR_ADVERSARIO' token='TOKEN-8da5cd30-bea5-4dc2-9935-3c85daa052e3' datos={'jugador_numero': 10, 'adversario_numero': 9}
2025-05-07 00:44:35 - __main__ - [ERROR] Mensaje de error del servidor. Mensaje enviado: mensaje_id='MARCAR_ADVERSARIO' token='TOKEN-8da5cd30-bea5-4dc2-9935-3c85daa052e3' datos={'jugador_numero': 10, 'adversario_numero': 9}, Mensaje recibido: mensaje_id='ERROR' datos={'descripcion': 'PATEAR no se puede ejecturar por no poseer la pelota.'}
2025-05-07 00:44:35 - __main__ - [INFO] Tienes la pelota!
2025-05-07 00:44:35 - __main__ - [INFO] Accion enviada. Mensaje: mensaje_id='PATEAR' token='TOKEN-8da5cd30-bea5-4dc2-9935-3c85daa052e3' datos={'x': 6, 'y': 19}
2025-05-07 00:44:35 - __main__ - [INFO] Reaccionar
2025-05-07 00:44:35 - utils - [INFO] Jugador mas cercano 10
2025-05-07 00:44:35 - __main__ - [INFO] Accion enviada. Mensaje: mensaje_id='MARCAR_ADVERSARIO' token='TOKEN-8da5cd30-bea5-4dc2-9935-3c85daa052e3' datos={'jugador_numero': 10, 'adversario_numero': 9}
2025-05-07 00:44:35 - __main__ - [INFO] Reaccionar
2025-05-07 00:44:35 - utils - [INFO] Pelota en el aire.
2025-05-07 00:44:35 - utils - [INFO] Jugador mas cercano 10
2025-05-07 00:44:35 - __main__ - [INFO] Accion enviada. Mensaje: mensaje_id='CORRER' token='TOKEN-8da5cd30-bea5-4dc2-9935-3c85daa052e3' datos={'movimientos': [{'jugador_numero': 10, 'x': 6, 'y': 11}]}
2025-05-07 00:44:35 - __main__ - [INFO] Reaccionar
2025-05-07 00:44:35 - utils - [INFO] Jugador mas cercano 6
2025-05-07 00:44:35 - __main__ - [INFO] Accion enviada. Mensaje: mensaje_id='CORRER' token='TOKEN-8da5cd30-bea5-4dc2-9935-3c85daa052e3' datos={'movimientos': [{'jugador_numero': 6, 'x': 7, 'y': 6}]}
2025-05-07 00:44:35 - __main__ - [WARNING] Otro mensaje recibido. Mensaje enviado: 
Mensaje Enviado: mensaje_id='CORRER' token='TOKEN-8da5cd30-bea5-4dc2-9935-3c85daa052e3' datos={'movimientos': [{'jugador_numero': 6, 'x': 7, 'y': 6}]}

Mensaje recibido: None
2025-05-07 00:44:36 - __main__ - [INFO] Reaccionar
2025-05-07 00:44:36 - utils - [INFO] Jugador mas cercano 6
2025-05-07 00:44:36 - __main__ - [INFO] Accion enviada. Mensaje: mensaje_id='CORRER' token='TOKEN-8da5cd30-bea5-4dc2-9935-3c85daa052e3' datos={'movimientos': [{'jugador_numero': 6, 'x': 7, 'y': 6}]}
2025-05-07 00:44:36 - __main__ - [ERROR] Mensaje de error del servidor. Mensaje enviado: mensaje_id='CORRER' token='TOKEN-8da5cd30-bea5-4dc2-9935-3c85daa052e3' datos={'movimientos': [{'jugador_numero': 6, 'x': 7, 'y': 6}]}, Mensaje recibido: mensaje_id='ERROR' datos={'descripcion': 'PATEAR no se puede ejecturar por no poseer la pelota.'}
2025-05-07 00:44:36 - __main__ - [INFO] Reaccionar
2025-05-07 00:44:36 - utils - [INFO] Jugador mas cercano 6
2025-05-07 00:44:36 - __main__ - [INFO] Accion enviada. Mensaje: mensaje_id='CORRER' token='TOKEN-8da5cd30-bea5-4dc2-9935-3c85daa052e3' datos={'movimientos': [{'jugador_numero': 6, 'x': 7, 'y': 6}]}
2025-05-07 00:44:36 - __main__ - [INFO] Reaccionar
2025-05-07 00:44:36 - utils - [INFO] Jugador mas cercano 6
2025-05-07 00:44:36 - __main__ - [INFO] Accion enviada. Mensaje: mensaje_id='CORRER' token='TOKEN-8da5cd30-bea5-4dc2-9935-3c85daa052e3' datos={'movimientos': [{'jugador_numero': 6, 'x': 7, 'y': 6}]}
2025-05-07 00:44:36 - __main__ - [WARNING] Otro mensaje recibido. Mensaje enviado: 
Mensaje Enviado: mensaje_id='CORRER' token='TOKEN-8da5cd30-bea5-4dc2-9935-3c85daa052e3' datos={'movimientos': [{'jugador_numero': 6, 'x': 7, 'y': 6}]}

Mensaje recibido: None
2025-05-07 00:44:37 - __main__ - [INFO] Reaccionar
2025-05-07 00:44:37 - utils - [INFO] Jugador mas cercano 6
2025-05-07 00:44:37 - __main__ - [INFO] Accion enviada. Mensaje: mensaje_id='MARCAR_ADVERSARIO' token='TOKEN-8da5cd30-bea5-4dc2-9935-3c85daa052e3' datos={'jugador_numero': 6, 'adversario_numero': 10}
2025-05-07 00:44:37 - __main__ - [INFO] Reaccionar
2025-05-07 00:44:37 - utils - [INFO] Jugador mas cercano 6
2025-05-07 00:44:37 - __main__ - [INFO] Accion enviada. Mensaje: mensaje_id='MARCAR_ADVERSARIO' token='TOKEN-8da5cd30-bea5-4dc2-9935-3c85daa052e3' datos={'jugador_numero': 6, 'adversario_numero': 10}
2025-05-07 00:44:37 - __main__ - [INFO] Reaccionar
2025-05-07 00:44:37 - utils - [INFO] Jugador mas cercano 6
2025-05-07 00:44:37 - __main__ - [INFO] Accion enviada. Mensaje: mensaje_id='MARCAR_ADVERSARIO' token='TOKEN-8da5cd30-bea5-4dc2-9935-3c85daa052e3' datos={'jugador_numero': 6, 'adversario_numero': 10}
2025-05-07 00:44:37 - __main__ - [INFO] Reaccionar
2025-05-07 00:44:37 - utils - [INFO] Jugador mas cercano 1
2025-05-07 00:44:37 - __main__ - [INFO] Accion enviada. Mensaje: mensaje_id='CORRER' token='TOKEN-8da5cd30-bea5-4dc2-9935-3c85daa052e3' datos={'movimientos': [{'jugador_numero': 1, 'x': 6, 'y': 2}]}
2025-05-07 00:44:37 - __main__ - [INFO] Reaccionar
2025-05-07 00:44:37 - utils - [INFO] Jugador mas cercano 1
2025-05-07 00:44:37 - __main__ - [INFO] Accion enviada. Mensaje: mensaje_id='CORRER' token='TOKEN-8da5cd30-bea5-4dc2-9935-3c85daa052e3' datos={'movimientos': [{'jugador_numero': 1, 'x': 6, 'y': 2}]}
2025-05-07 00:44:37 - __main__ - [WARNING] Otro mensaje recibido. Mensaje enviado: 
Mensaje Enviado: mensaje_id='CORRER' token='TOKEN-8da5cd30-bea5-4dc2-9935-3c85daa052e3' datos={'movimientos': [{'jugador_numero': 1, 'x': 6, 'y': 2}]}

Mensaje recibido: None
2025-05-07 00:44:38 - __main__ - [INFO] Reaccionar
2025-05-07 00:44:38 - utils - [INFO] Jugador mas cercano 1
2025-05-07 00:44:38 - __main__ - [INFO] Accion enviada. Mensaje: mensaje_id='CORRER' token='TOKEN-8da5cd30-bea5-4dc2-9935-3c85daa052e3' datos={'movimientos': [{'jugador_numero': 1, 'x': 6, 'y': 2}]}
2025-05-07 00:44:38 - __main__ - [INFO] Reaccionar
2025-05-07 00:44:38 - utils - [INFO] Jugador mas cercano 1
2025-05-07 00:44:38 - __main__ - [INFO] Accion enviada. Mensaje: mensaje_id='CORRER' token='TOKEN-8da5cd30-bea5-4dc2-9935-3c85daa052e3' datos={'movimientos': [{'jugador_numero': 1, 'x': 6, 'y': 2}]}
2025-05-07 00:44:39 - __main__ - [INFO] Reaccionar
2025-05-07 00:44:39 - utils - [INFO] Jugador mas cercano 1
2025-05-07 00:44:39 - __main__ - [INFO] Accion enviada. Mensaje: mensaje_id='CORRER' token='TOKEN-8da5cd30-bea5-4dc2-9935-3c85daa052e3' datos={'movimientos': [{'jugador_numero': 1, 'x': 6, 'y': 2}]}
2025-05-07 00:44:39 - __main__ - [INFO] Reaccionar
2025-05-07 00:44:39 - utils - [INFO] Jugador mas cercano 1
2025-05-07 00:44:39 - __main__ - [INFO] Accion enviada. Mensaje: mensaje_id='CORRER' token='TOKEN-8da5cd30-bea5-4dc2-9935-3c85daa052e3' datos={'movimientos': [{'jugador_numero': 1, 'x': 6, 'y': 2}]}
2025-05-07 00:44:39 - __main__ - [INFO] Reaccionar
2025-05-07 00:44:39 - utils - [INFO] Jugador mas cercano 1
2025-05-07 00:44:39 - __main__ - [INFO] Accion enviada. Mensaje: mensaje_id='MARCAR_ADVERSARIO' token='TOKEN-8da5cd30-bea5-4dc2-9935-3c85daa052e3' datos={'jugador_numero': 1, 'adversario_numero': 10}
2025-05-07 00:44:39 - __main__ - [INFO] Reaccionar
2025-05-07 00:44:39 - utils - [INFO] Jugador mas cercano 1
2025-05-07 00:44:39 - __main__ - [INFO] Accion enviada. Mensaje: mensaje_id='MARCAR_ADVERSARIO' token='TOKEN-8da5cd30-bea5-4dc2-9935-3c85daa052e3' datos={'jugador_numero': 1, 'adversario_numero': 10}
2025-05-07 00:44:39 - __main__ - [WARNING] Otro mensaje recibido. Mensaje enviado: 
Mensaje Enviado: mensaje_id='MARCAR_ADVERSARIO' token='TOKEN-8da5cd30-bea5-4dc2-9935-3c85daa052e3' datos={'jugador_numero': 1, 'adversario_numero': 10}

Mensaje recibido: None
2025-05-07 00:44:40 - __main__ - [INFO] Reaccionar
2025-05-07 00:44:40 - utils - [INFO] Jugador mas cercano 1
2025-05-07 00:44:40 - __main__ - [INFO] Accion enviada. Mensaje: mensaje_id='MARCAR_ADVERSARIO' token='TOKEN-8da5cd30-bea5-4dc2-9935-3c85daa052e3' datos={'jugador_numero': 1, 'adversario_numero': 10}
2025-05-07 00:44:40 - __main__ - [INFO] Reaccionar
2025-05-07 00:44:40 - utils - [INFO] Jugador mas cercano 1
2025-05-07 00:44:40 - __main__ - [INFO] Accion enviada. Mensaje: mensaje_id='MARCAR_ADVERSARIO' token='TOKEN-8da5cd30-bea5-4dc2-9935-3c85daa052e3' datos={'jugador_numero': 1, 'adversario_numero': 10}
2025-05-07 00:44:40 - __main__ - [WARNING] Otro mensaje recibido. Mensaje enviado: 
Mensaje Enviado: mensaje_id='MARCAR_ADVERSARIO' token='TOKEN-8da5cd30-bea5-4dc2-9935-3c85daa052e3' datos={'jugador_numero': 1, 'adversario_numero': 10}

Mensaje recibido: None
2025-05-07 00:44:41 - __main__ - [INFO] Reaccionar
2025-05-07 00:44:41 - utils - [INFO] Jugador mas cercano 10
2025-05-07 00:44:41 - __main__ - [INFO] Accion enviada. Mensaje: mensaje_id='MARCAR_ADVERSARIO' token='TOKEN-8da5cd30-bea5-4dc2-9935-3c85daa052e3' datos={'jugador_numero': 10, 'adversario_numero': 11}
2025-05-07 00:44:41 - __main__ - [INFO] Reaccionar
2025-05-07 00:44:41 - utils - [INFO] Jugador mas cercano 1
2025-05-07 00:44:41 - __main__ - [INFO] Accion enviada. Mensaje: mensaje_id='CORRER' token='TOKEN-8da5cd30-bea5-4dc2-9935-3c85daa052e3' datos={'movimientos': [{'jugador_numero': 1, 'x': 7, 'y': 5}]}
2025-05-07 00:44:41 - __main__ - [INFO] Reaccionar
2025-05-07 00:44:41 - utils - [INFO] Jugador mas cercano 10
2025-05-07 00:44:41 - __main__ - [INFO] Accion enviada. Mensaje: mensaje_id='MARCAR_ADVERSARIO' token='TOKEN-8da5cd30-bea5-4dc2-9935-3c85daa052e3' datos={'jugador_numero': 10, 'adversario_numero': 11}
2025-05-07 00:44:41 - __main__ - [INFO] Reaccionar
2025-05-07 00:44:41 - utils - [INFO] Jugador mas cercano 6
2025-05-07 00:44:41 - __main__ - [INFO] Accion enviada. Mensaje: mensaje_id='CORRER' token='TOKEN-8da5cd30-bea5-4dc2-9935-3c85daa052e3' datos={'movimientos': [{'jugador_numero': 6, 'x': 7, 'y': 5}]}
2025-05-07 00:44:41 - __main__ - [WARNING] Otro mensaje recibido. Mensaje enviado: 
Mensaje Enviado: mensaje_id='CORRER' token='TOKEN-8da5cd30-bea5-4dc2-9935-3c85daa052e3' datos={'movimientos': [{'jugador_numero': 6, 'x': 7, 'y': 5}]}

Mensaje recibido: None
2025-05-07 00:44:42 - __main__ - [INFO] Reaccionar
2025-05-07 00:44:42 - utils - [INFO] Jugador mas cercano 6
2025-05-07 00:44:42 - __main__ - [INFO] Accion enviada. Mensaje: mensaje_id='CORRER' token='TOKEN-8da5cd30-bea5-4dc2-9935-3c85daa052e3' datos={'movimientos': [{'jugador_numero': 6, 'x': 7, 'y': 5}]}
2025-05-07 00:44:42 - __main__ - [INFO] Reaccionar
2025-05-07 00:44:42 - utils - [INFO] Jugador mas cercano 6
2025-05-07 00:44:42 - __main__ - [INFO] Accion enviada. Mensaje: mensaje_id='CORRER' token='TOKEN-8da5cd30-bea5-4dc2-9935-3c85daa052e3' datos={'movimientos': [{'jugador_numero': 6, 'x': 7, 'y': 5}]}
2025-05-07 00:44:42 - __main__ - [INFO] Reaccionar
2025-05-07 00:44:42 - utils - [INFO] Jugador mas cercano 6
2025-05-07 00:44:42 - __main__ - [INFO] Accion enviada. Mensaje: mensaje_id='CORRER' token='TOKEN-8da5cd30-bea5-4dc2-9935-3c85daa052e3' datos={'movimientos': [{'jugador_numero': 6, 'x': 7, 'y': 5}]}
2025-05-07 00:44:42 - __main__ - [WARNING] Otro mensaje recibido. Mensaje enviado: 
Mensaje Enviado: mensaje_id='CORRER' token='TOKEN-8da5cd30-bea5-4dc2-9935-3c85daa052e3' datos={'movimientos': [{'jugador_numero': 6, 'x': 7, 'y': 5}]}

Mensaje recibido: None
2025-05-07 00:44:43 - __main__ - [INFO] Reaccionar
2025-05-07 00:44:43 - utils - [INFO] Jugador mas cercano 6
2025-05-07 00:44:43 - __main__ - [INFO] Accion enviada. Mensaje: mensaje_id='CORRER' token='TOKEN-8da5cd30-bea5-4dc2-9935-3c85daa052e3' datos={'movimientos': [{'jugador_numero': 6, 'x': 7, 'y': 5}]}
2025-05-07 00:44:43 - __main__ - [INFO] Reaccionar
2025-05-07 00:44:43 - utils - [INFO] Jugador mas cercano 6
2025-05-07 00:44:43 - __main__ - [INFO] Accion enviada. Mensaje: mensaje_id='CORRER' token='TOKEN-8da5cd30-bea5-4dc2-9935-3c85daa052e3' datos={'movimientos': [{'jugador_numero': 6, 'x': 7, 'y': 5}]}
2025-05-07 00:44:43 - __main__ - [INFO] Reaccionar
2025-05-07 00:44:43 - utils - [INFO] Jugador mas cercano 6
2025-05-07 00:44:43 - __main__ - [INFO] Accion enviada. Mensaje: mensaje_id='MARCAR_ADVERSARIO' token='TOKEN-8da5cd30-bea5-4dc2-9935-3c85daa052e3' datos={'jugador_numero': 6, 'adversario_numero': 10}
2025-05-07 00:44:43 - __main__ - [INFO] Reaccionar
2025-05-07 00:44:43 - utils - [INFO] Jugador mas cercano 6
2025-05-07 00:44:43 - __main__ - [INFO] Accion enviada. Mensaje: mensaje_id='MARCAR_ADVERSARIO' token='TOKEN-8da5cd30-bea5-4dc2-9935-3c85daa052e3' datos={'jugador_numero': 6, 'adversario_numero': 10}
2025-05-07 00:44:43 - __main__ - [WARNING] Otro mensaje recibido. Mensaje enviado: 
Mensaje Enviado: mensaje_id='MARCAR_ADVERSARIO' token='TOKEN-8da5cd30-bea5-4dc2-9935-3c85daa052e3' datos={'jugador_numero': 6, 'adversario_numero': 10}

Mensaje recibido: None
2025-05-07 00:44:44 - __main__ - [INFO] Reaccionar
2025-05-07 00:44:44 - utils - [INFO] Jugador mas cercano 6
2025-05-07 00:44:44 - __main__ - [INFO] Accion enviada. Mensaje: mensaje_id='MARCAR_ADVERSARIO' token='TOKEN-8da5cd30-bea5-4dc2-9935-3c85daa052e3' datos={'jugador_numero': 6, 'adversario_numero': 10}
2025-05-07 00:44:44 - __main__ - [INFO] Reaccionar
2025-05-07 00:44:44 - utils - [INFO] Jugador mas cercano 3
2025-05-07 00:44:44 - __main__ - [INFO] Accion enviada. Mensaje: mensaje_id='CORRER' token='TOKEN-8da5cd30-bea5-4dc2-9935-3c85daa052e3' datos={'movimientos': [{'jugador_numero': 3, 'x': 6, 'y': 1}]}
2025-05-07 00:44:44 - __main__ - [INFO] Reaccionar
2025-05-07 00:44:44 - utils - [INFO] Jugador mas cercano 6
2025-05-07 00:44:44 - __main__ - [INFO] Accion enviada. Mensaje: mensaje_id='MARCAR_ADVERSARIO' token='TOKEN-8da5cd30-bea5-4dc2-9935-3c85daa052e3' datos={'jugador_numero': 6, 'adversario_numero': 10}
2025-05-07 00:44:44 - __main__ - [INFO] Reaccionar
2025-05-07 00:44:44 - utils - [INFO] Jugador mas cercano 6
2025-05-07 00:44:44 - __main__ - [INFO] Accion enviada. Mensaje: mensaje_id='MARCAR_ADVERSARIO' token='TOKEN-8da5cd30-bea5-4dc2-9935-3c85daa052e3' datos={'jugador_numero': 6, 'adversario_numero': 10}
2025-05-07 00:44:44 - __main__ - [INFO] Tienes la pelota!
2025-05-07 00:44:44 - __main__ - [INFO] Accion enviada. Mensaje: mensaje_id='PATEAR' token='TOKEN-8da5cd30-bea5-4dc2-9935-3c85daa052e3' datos={'x': 6, 'y': 19}
2025-05-07 00:44:44 - __main__ - [INFO] Tienes la pelota!
2025-05-07 00:44:44 - __main__ - [INFO] Accion enviada. Mensaje: mensaje_id='PATEAR' token='TOKEN-8da5cd30-bea5-4dc2-9935-3c85daa052e3' datos={'x': 6, 'y': 19}
2025-05-07 00:44:44 - __main__ - [WARNING] Otro mensaje recibido. Mensaje enviado: 
Mensaje Enviado: mensaje_id='PATEAR' token='TOKEN-8da5cd30-bea5-4dc2-9935-3c85daa052e3' datos={'x': 6, 'y': 19}

Mensaje recibido: None
2025-05-07 00:44:45 - __main__ - [INFO] Reaccionar
2025-05-07 00:44:45 - utils - [INFO] Jugador mas cercano 6
2025-05-07 00:44:45 - __main__ - [INFO] Accion enviada. Mensaje: mensaje_id='MARCAR_ADVERSARIO' token='TOKEN-8da5cd30-bea5-4dc2-9935-3c85daa052e3' datos={'jugador_numero': 6, 'adversario_numero': 10}
2025-05-07 00:44:45 - __main__ - [INFO] Reaccionar
2025-05-07 00:44:45 - utils - [INFO] Pelota en el aire.
2025-05-07 00:44:45 - utils - [INFO] Jugador mas cercano 6
2025-05-07 00:44:45 - __main__ - [INFO] Accion enviada. Mensaje: mensaje_id='CORRER' token='TOKEN-8da5cd30-bea5-4dc2-9935-3c85daa052e3' datos={'movimientos': [{'jugador_numero': 6, 'x': 7, 'y': 5}]}
2025-05-07 00:44:45 - __main__ - [INFO] Reaccionar
2025-05-07 00:44:45 - utils - [INFO] Jugador mas cercano 3
2025-05-07 00:44:45 - __main__ - [INFO] Accion enviada. Mensaje: mensaje_id='CORRER' token='TOKEN-8da5cd30-bea5-4dc2-9935-3c85daa052e3' datos={'movimientos': [{'jugador_numero': 3, 'x': 6, 'y': 1}]}
2025-05-07 00:44:45 - __main__ - [INFO] Reaccionar
2025-05-07 00:44:45 - utils - [INFO] Jugador mas cercano 6
2025-05-07 00:44:45 - __main__ - [INFO] Accion enviada. Mensaje: mensaje_id='MARCAR_ADVERSARIO' token='TOKEN-8da5cd30-bea5-4dc2-9935-3c85daa052e3' datos={'jugador_numero': 6, 'adversario_numero': 10}
2025-05-07 00:44:45 - __main__ - [WARNING] Otro mensaje recibido. Mensaje enviado: 
Mensaje Enviado: mensaje_id='MARCAR_ADVERSARIO' token='TOKEN-8da5cd30-bea5-4dc2-9935-3c85daa052e3' datos={'jugador_numero': 6, 'adversario_numero': 10}

Mensaje recibido: None
2025-05-07 00:44:46 - __main__ - [INFO] Reaccionar
2025-05-07 00:44:46 - utils - [INFO] Jugador mas cercano 6
2025-05-07 00:44:46 - __main__ - [INFO] Accion enviada. Mensaje: mensaje_id='MARCAR_ADVERSARIO' token='TOKEN-8da5cd30-bea5-4dc2-9935-3c85daa052e3' datos={'jugador_numero': 6, 'adversario_numero': 10}
2025-05-07 00:44:46 - __main__ - [INFO] Reaccionar
2025-05-07 00:44:46 - utils - [INFO] Jugador mas cercano 10
2025-05-07 00:44:46 - __main__ - [INFO] Accion enviada. Mensaje: mensaje_id='MARCAR_ADVERSARIO' token='TOKEN-8da5cd30-bea5-4dc2-9935-3c85daa052e3' datos={'jugador_numero': 10, 'adversario_numero': 6}
2025-05-07 00:44:46 - __main__ - [INFO] Tienes la pelota!
2025-05-07 00:44:46 - __main__ - [INFO] Accion enviada. Mensaje: mensaje_id='PATEAR' token='TOKEN-8da5cd30-bea5-4dc2-9935-3c85daa052e3' datos={'x': 6, 'y': 19}
2025-05-07 00:44:46 - __main__ - [INFO] Tienes la pelota!
2025-05-07 00:44:46 - __main__ - [INFO] Accion enviada. Mensaje: mensaje_id='PATEAR' token='TOKEN-8da5cd30-bea5-4dc2-9935-3c85daa052e3' datos={'x': 6, 'y': 19}
2025-05-07 00:44:46 - __main__ - [WARNING] Otro mensaje recibido. Mensaje enviado: 
Mensaje Enviado: mensaje_id='PATEAR' token='TOKEN-8da5cd30-bea5-4dc2-9935-3c85daa052e3' datos={'x': 6, 'y': 19}

Mensaje recibido: None
2025-05-07 00:44:47 - __main__ - [INFO] Tienes la pelota!
2025-05-07 00:44:47 - __main__ - [INFO] Accion enviada. Mensaje: mensaje_id='PATEAR' token='TOKEN-8da5cd30-bea5-4dc2-9935-3c85daa052e3' datos={'x': 6, 'y': 19}
2025-05-07 00:44:47 - __main__ - [INFO] Reaccionar
2025-05-07 00:44:47 - utils - [INFO] Jugador mas cercano 10
2025-05-07 00:44:47 - __main__ - [INFO] Accion enviada. Mensaje: mensaje_id='MARCAR_ADVERSARIO' token='TOKEN-8da5cd30-bea5-4dc2-9935-3c85daa052e3' datos={'jugador_numero': 10, 'adversario_numero': 3}
2025-05-07 00:44:47 - __main__ - [INFO] Reaccionar
2025-05-07 00:44:47 - utils - [INFO] Jugador mas cercano 3
2025-05-07 00:44:47 - __main__ - [INFO] Accion enviada. Mensaje: mensaje_id='MARCAR_ADVERSARIO' token='TOKEN-8da5cd30-bea5-4dc2-9935-3c85daa052e3' datos={'jugador_numero': 3, 'adversario_numero': 10}
2025-05-07 00:44:47 - __main__ - [WARNING] Otro mensaje recibido. Mensaje enviado: 
Mensaje Enviado: mensaje_id='MARCAR_ADVERSARIO' token='TOKEN-8da5cd30-bea5-4dc2-9935-3c85daa052e3' datos={'jugador_numero': 3, 'adversario_numero': 10}

Mensaje recibido: None
2025-05-07 00:44:48 - __main__ - [ERROR] Mensaje de error del servidor. Mensaje enviado: mensaje_id='MARCAR_ADVERSARIO' token='TOKEN-8da5cd30-bea5-4dc2-9935-3c85daa052e3' datos={'jugador_numero': 3, 'adversario_numero': 10}, Mensaje recibido: mensaje_id='ERROR' datos={'descripcion': 'PATEAR no se puede ejecturar por no poseer la pelota.'}
2025-05-07 00:44:48 - __main__ - [INFO] Tienes la pelota!
2025-05-07 00:44:48 - __main__ - [INFO] Accion enviada. Mensaje: mensaje_id='PATEAR' token='TOKEN-8da5cd30-bea5-4dc2-9935-3c85daa052e3' datos={'x': 6, 'y': 19}
2025-05-07 00:44:48 - __main__ - [INFO] Tienes la pelota!
2025-05-07 00:44:48 - __main__ - [INFO] Accion enviada. Mensaje: mensaje_id='PATEAR' token='TOKEN-8da5cd30-bea5-4dc2-9935-3c85daa052e3' datos={'x': 6, 'y': 19}
2025-05-07 00:44:49 - __main__ - [INFO] Tienes la pelota!
2025-05-07 00:44:49 - __main__ - [INFO] Accion enviada. Mensaje: mensaje_id='PATEAR' token='TOKEN-8da5cd30-bea5-4dc2-9935-3c85daa052e3' datos={'x': 6, 'y': 19}
2025-05-07 00:44:49 - __main__ - [INFO] Tienes la pelota!
2025-05-07 00:44:49 - __main__ - [INFO] Accion enviada. Mensaje: mensaje_id='PATEAR' token='TOKEN-8da5cd30-bea5-4dc2-9935-3c85daa052e3' datos={'x': 6, 'y': 19}
2025-05-07 00:44:49 - __main__ - [INFO] Reaccionar
2025-05-07 00:44:49 - utils - [INFO] Jugador mas cercano 11
2025-05-07 00:44:49 - __main__ - [INFO] Accion enviada. Mensaje: mensaje_id='CORRER' token='TOKEN-8da5cd30-bea5-4dc2-9935-3c85daa052e3' datos={'movimientos': [{'jugador_numero': 11, 'x': 7, 'y': 9}]}
2025-05-07 00:44:49 - __main__ - [INFO] Reaccionar
2025-05-07 00:44:49 - utils - [INFO] Jugador mas cercano 11
2025-05-07 00:44:49 - __main__ - [INFO] Accion enviada. Mensaje: mensaje_id='CORRER' token='TOKEN-8da5cd30-bea5-4dc2-9935-3c85daa052e3' datos={'movimientos': [{'jugador_numero': 11, 'x': 7, 'y': 9}]}
2025-05-07 00:44:49 - __main__ - [WARNING] Otro mensaje recibido. Mensaje enviado: 
Mensaje Enviado: mensaje_id='CORRER' token='TOKEN-8da5cd30-bea5-4dc2-9935-3c85daa052e3' datos={'movimientos': [{'jugador_numero': 11, 'x': 7, 'y': 9}]}

Mensaje recibido: None
2025-05-07 00:44:50 - __main__ - [ERROR] Mensaje de error del servidor. Mensaje enviado: mensaje_id='CORRER' token='TOKEN-8da5cd30-bea5-4dc2-9935-3c85daa052e3' datos={'movimientos': [{'jugador_numero': 11, 'x': 7, 'y': 9}]}, Mensaje recibido: mensaje_id='ERROR' datos={'descripcion': 'PATEAR no se puede ejecturar por no poseer la pelota.'}
2025-05-07 00:44:50 - __main__ - [INFO] Reaccionar
2025-05-07 00:44:50 - utils - [INFO] Jugador mas cercano 11
2025-05-07 00:44:50 - __main__ - [INFO] Accion enviada. Mensaje: mensaje_id='CORRER' token='TOKEN-8da5cd30-bea5-4dc2-9935-3c85daa052e3' datos={'movimientos': [{'jugador_numero': 11, 'x': 7, 'y': 9}]}
2025-05-07 00:44:50 - __main__ - [ERROR] Mensaje de error del servidor. Mensaje enviado: mensaje_id='CORRER' token='TOKEN-8da5cd30-bea5-4dc2-9935-3c85daa052e3' datos={'movimientos': [{'jugador_numero': 11, 'x': 7, 'y': 9}]}, Mensaje recibido: mensaje_id='ERROR' datos={'descripcion': 'PATEAR no se puede ejecturar por no poseer la pelota.'}
2025-05-07 00:44:50 - __main__ - [INFO] Reaccionar
2025-05-07 00:44:50 - utils - [INFO] Jugador mas cercano 11
2025-05-07 00:44:50 - __main__ - [INFO] Accion enviada. Mensaje: mensaje_id='CORRER' token='TOKEN-8da5cd30-bea5-4dc2-9935-3c85daa052e3' datos={'movimientos': [{'jugador_numero': 11, 'x': 7, 'y': 9}]}
2025-05-07 00:44:51 - __main__ - [INFO] Reaccionar
2025-05-07 00:44:51 - utils - [INFO] Jugador mas cercano 7
2025-05-07 00:44:51 - __main__ - [INFO] Accion enviada. Mensaje: mensaje_id='MARCAR_ADVERSARIO' token='TOKEN-8da5cd30-bea5-4dc2-9935-3c85daa052e3' datos={'jugador_numero': 7, 'adversario_numero': 11}
2025-05-07 00:44:51 - __main__ - [INFO] Reaccionar
2025-05-07 00:44:51 - utils - [INFO] Jugador mas cercano 11
2025-05-07 00:44:51 - __main__ - [INFO] Accion enviada. Mensaje: mensaje_id='MARCAR_ADVERSARIO' token='TOKEN-8da5cd30-bea5-4dc2-9935-3c85daa052e3' datos={'jugador_numero': 11, 'adversario_numero': 9}
2025-05-07 00:44:51 - __main__ - [INFO] Reaccionar
2025-05-07 00:44:51 - utils - [INFO] Jugador mas cercano 11
2025-05-07 00:44:51 - __main__ - [INFO] Accion enviada. Mensaje: mensaje_id='MARCAR_ADVERSARIO' token='TOKEN-8da5cd30-bea5-4dc2-9935-3c85daa052e3' datos={'jugador_numero': 11, 'adversario_numero': 9}
2025-05-07 00:44:51 - __main__ - [INFO] Tienes la pelota!
2025-05-07 00:44:51 - __main__ - [INFO] Accion enviada. Mensaje: mensaje_id='PATEAR' token='TOKEN-8da5cd30-bea5-4dc2-9935-3c85daa052e3' datos={'x': 6, 'y': 19}
2025-05-07 00:44:51 - __main__ - [INFO] Tienes la pelota!
2025-05-07 00:44:51 - __main__ - [INFO] Accion enviada. Mensaje: mensaje_id='PATEAR' token='TOKEN-8da5cd30-bea5-4dc2-9935-3c85daa052e3' datos={'x': 6, 'y': 19}
2025-05-07 00:44:51 - __main__ - [WARNING] Otro mensaje recibido. Mensaje enviado: 
Mensaje Enviado: mensaje_id='PATEAR' token='TOKEN-8da5cd30-bea5-4dc2-9935-3c85daa052e3' datos={'x': 6, 'y': 19}

Mensaje recibido: None
2025-05-07 00:44:52 - __main__ - [INFO] Reaccionar
2025-05-07 00:44:52 - utils - [INFO] Jugador mas cercano 11
2025-05-07 00:44:52 - __main__ - [INFO] Accion enviada. Mensaje: mensaje_id='MARCAR_ADVERSARIO' token='TOKEN-8da5cd30-bea5-4dc2-9935-3c85daa052e3' datos={'jugador_numero': 11, 'adversario_numero': 9}
2025-05-07 00:44:52 - __main__ - [INFO] Reaccionar
2025-05-07 00:44:52 - utils - [INFO] Pelota en el aire.
2025-05-07 00:44:52 - utils - [INFO] Jugador mas cercano 11
2025-05-07 00:44:52 - __main__ - [INFO] Accion enviada. Mensaje: mensaje_id='CORRER' token='TOKEN-8da5cd30-bea5-4dc2-9935-3c85daa052e3' datos={'movimientos': [{'jugador_numero': 11, 'x': 7, 'y': 9}]}
2025-05-07 00:44:52 - __main__ - [INFO] Tienes la pelota!
2025-05-07 00:44:52 - __main__ - [INFO] Accion enviada. Mensaje: mensaje_id='PATEAR' token='TOKEN-8da5cd30-bea5-4dc2-9935-3c85daa052e3' datos={'x': 6, 'y': 19}
2025-05-07 00:44:52 - __main__ - [INFO] Reaccionar
2025-05-07 00:44:52 - utils - [INFO] Jugador mas cercano 6
2025-05-07 00:44:52 - __main__ - [INFO] Accion enviada. Mensaje: mensaje_id='CORRER' token='TOKEN-8da5cd30-bea5-4dc2-9935-3c85daa052e3' datos={'movimientos': [{'jugador_numero': 6, 'x': 7, 'y': 5}]}
2025-05-07 00:44:52 - __main__ - [WARNING] Otro mensaje recibido. Mensaje enviado: 
Mensaje Enviado: mensaje_id='CORRER' token='TOKEN-8da5cd30-bea5-4dc2-9935-3c85daa052e3' datos={'movimientos': [{'jugador_numero': 6, 'x': 7, 'y': 5}]}

Mensaje recibido: None
2025-05-07 00:44:53 - __main__ - [INFO] Reaccionar
2025-05-07 00:44:53 - utils - [INFO] Jugador mas cercano 6
2025-05-07 00:44:53 - __main__ - [INFO] Accion enviada. Mensaje: mensaje_id='CORRER' token='TOKEN-8da5cd30-bea5-4dc2-9935-3c85daa052e3' datos={'movimientos': [{'jugador_numero': 6, 'x': 7, 'y': 5}]}
2025-05-07 00:44:53 - __main__ - [INFO] Reaccionar
2025-05-07 00:44:53 - utils - [INFO] Jugador mas cercano 6
2025-05-07 00:44:53 - __main__ - [INFO] Accion enviada. Mensaje: mensaje_id='CORRER' token='TOKEN-8da5cd30-bea5-4dc2-9935-3c85daa052e3' datos={'movimientos': [{'jugador_numero': 6, 'x': 7, 'y': 5}]}
2025-05-07 00:44:53 - __main__ - [INFO] Tienes la pelota!
2025-05-07 00:44:53 - __main__ - [INFO] Accion enviada. Mensaje: mensaje_id='PATEAR' token='TOKEN-8da5cd30-bea5-4dc2-9935-3c85daa052e3' datos={'x': 6, 'y': 19}
2025-05-07 00:44:53 - __main__ - [INFO] Reaccionar
2025-05-07 00:44:53 - utils - [INFO] Jugador mas cercano 9
2025-05-07 00:44:53 - __main__ - [INFO] Accion enviada. Mensaje: mensaje_id='CORRER' token='TOKEN-8da5cd30-bea5-4dc2-9935-3c85daa052e3' datos={'movimientos': [{'jugador_numero': 9, 'x': 5, 'y': 6}]}
2025-05-07 00:44:53 - __main__ - [INFO] Reaccionar
2025-05-07 00:44:53 - utils - [INFO] Jugador mas cercano 9
2025-05-07 00:44:53 - __main__ - [INFO] Accion enviada. Mensaje: mensaje_id='CORRER' token='TOKEN-8da5cd30-bea5-4dc2-9935-3c85daa052e3' datos={'movimientos': [{'jugador_numero': 9, 'x': 5, 'y': 6}]}
2025-05-07 00:44:53 - __main__ - [WARNING] Otro mensaje recibido. Mensaje enviado: 
Mensaje Enviado: mensaje_id='CORRER' token='TOKEN-8da5cd30-bea5-4dc2-9935-3c85daa052e3' datos={'movimientos': [{'jugador_numero': 9, 'x': 5, 'y': 6}]}

Mensaje recibido: None
2025-05-07 00:44:54 - __main__ - [INFO] Reaccionar
2025-05-07 00:44:54 - utils - [INFO] Jugador mas cercano 9
2025-05-07 00:44:54 - __main__ - [INFO] Accion enviada. Mensaje: mensaje_id='CORRER' token='TOKEN-8da5cd30-bea5-4dc2-9935-3c85daa052e3' datos={'movimientos': [{'jugador_numero': 9, 'x': 5, 'y': 6}]}
2025-05-07 00:44:54 - __main__ - [INFO] Reaccionar
2025-05-07 00:44:54 - utils - [INFO] Jugador mas cercano 9
2025-05-07 00:44:54 - __main__ - [INFO] Accion enviada. Mensaje: mensaje_id='CORRER' token='TOKEN-8da5cd30-bea5-4dc2-9935-3c85daa052e3' datos={'movimientos': [{'jugador_numero': 9, 'x': 5, 'y': 6}]}
2025-05-07 00:44:54 - __main__ - [INFO] Reaccionar
2025-05-07 00:44:54 - utils - [INFO] Jugador mas cercano 9
2025-05-07 00:44:54 - __main__ - [INFO] Accion enviada. Mensaje: mensaje_id='CORRER' token='TOKEN-8da5cd30-bea5-4dc2-9935-3c85daa052e3' datos={'movimientos': [{'jugador_numero': 9, 'x': 5, 'y': 6}]}
2025-05-07 00:44:54 - __main__ - [WARNING] Otro mensaje recibido. Mensaje enviado: 
Mensaje Enviado: mensaje_id='CORRER' token='TOKEN-8da5cd30-bea5-4dc2-9935-3c85daa052e3' datos={'movimientos': [{'jugador_numero': 9, 'x': 5, 'y': 6}]}

Mensaje recibido: None
2025-05-07 00:44:55 - __main__ - [INFO] Tienes la pelota!
2025-05-07 00:44:55 - __main__ - [INFO] Accion enviada. Mensaje: mensaje_id='PATEAR' token='TOKEN-8da5cd30-bea5-4dc2-9935-3c85daa052e3' datos={'x': 6, 'y': 19}
2025-05-07 00:44:55 - __main__ - [INFO] Tienes la pelota!
2025-05-07 00:44:55 - __main__ - [INFO] Accion enviada. Mensaje: mensaje_id='PATEAR' token='TOKEN-8da5cd30-bea5-4dc2-9935-3c85daa052e3' datos={'x': 6, 'y': 19}
2025-05-07 00:44:55 - __main__ - [INFO] Tienes la pelota!
2025-05-07 00:44:55 - __main__ - [INFO] Accion enviada. Mensaje: mensaje_id='PATEAR' token='TOKEN-8da5cd30-bea5-4dc2-9935-3c85daa052e3' datos={'x': 6, 'y': 19}
2025-05-07 00:44:55 - __main__ - [INFO] Tienes la pelota!
2025-05-07 00:44:55 - __main__ - [INFO] Accion enviada. Mensaje: mensaje_id='PATEAR' token='TOKEN-8da5cd30-bea5-4dc2-9935-3c85daa052e3' datos={'x': 6, 'y': 19}
2025-05-07 00:44:55 - __main__ - [WARNING] Otro mensaje recibido. Mensaje enviado: 
Mensaje Enviado: mensaje_id='PATEAR' token='TOKEN-8da5cd30-bea5-4dc2-9935-3c85daa052e3' datos={'x': 6, 'y': 19}

Mensaje recibido: None
2025-05-07 00:44:56 - __main__ - [INFO] Reaccionar
2025-05-07 00:44:56 - utils - [INFO] Jugador mas cercano 9
2025-05-07 00:44:56 - __main__ - [INFO] Accion enviada. Mensaje: mensaje_id='MARCAR_ADVERSARIO' token='TOKEN-8da5cd30-bea5-4dc2-9935-3c85daa052e3' datos={'jugador_numero': 9, 'adversario_numero': 9}
2025-05-07 00:44:56 - __main__ - [INFO] Reaccionar
2025-05-07 00:44:56 - utils - [INFO] Jugador mas cercano 7
2025-05-07 00:44:56 - __main__ - [INFO] Accion enviada. Mensaje: mensaje_id='CORRER' token='TOKEN-8da5cd30-bea5-4dc2-9935-3c85daa052e3' datos={'movimientos': [{'jugador_numero': 7, 'x': 5, 'y': 10}]}
2025-05-07 00:44:56 - __main__ - [ERROR] Mensaje de error del servidor. Mensaje enviado: mensaje_id='CORRER' token='TOKEN-8da5cd30-bea5-4dc2-9935-3c85daa052e3' datos={'movimientos': [{'jugador_numero': 7, 'x': 5, 'y': 10}]}, Mensaje recibido: mensaje_id='ERROR' datos={'descripcion': 'PATEAR no se puede ejecturar por no poseer la pelota.'}
2025-05-07 00:44:56 - __main__ - [INFO] Reaccionar
2025-05-07 00:44:56 - utils - [INFO] Jugador mas cercano 7
2025-05-07 00:44:56 - __main__ - [INFO] Accion enviada. Mensaje: mensaje_id='CORRER' token='TOKEN-8da5cd30-bea5-4dc2-9935-3c85daa052e3' datos={'movimientos': [{'jugador_numero': 7, 'x': 5, 'y': 10}]}
2025-05-07 00:44:56 - __main__ - [WARNING] Otro mensaje recibido. Mensaje enviado: 
Mensaje Enviado: mensaje_id='CORRER' token='TOKEN-8da5cd30-bea5-4dc2-9935-3c85daa052e3' datos={'movimientos': [{'jugador_numero': 7, 'x': 5, 'y': 10}]}

Mensaje recibido: None
2025-05-07 00:45:11 - __main__ - [INFO] Reaccionar
2025-05-07 00:45:11 - utils - [INFO] Jugador mas cercano 7
2025-05-07 00:45:11 - __main__ - [INFO] Accion enviada. Mensaje: mensaje_id='CORRER' token='TOKEN-8da5cd30-bea5-4dc2-9935-3c85daa052e3' datos={'movimientos': [{'jugador_numero': 7, 'x': 5, 'y': 10}]}
2025-05-07 00:45:11 - __main__ - [INFO] Reaccionar
2025-05-07 00:45:11 - utils - [INFO] Jugador mas cercano 7
2025-05-07 00:45:11 - __main__ - [INFO] Accion enviada. Mensaje: mensaje_id='CORRER' token='TOKEN-8da5cd30-bea5-4dc2-9935-3c85daa052e3' datos={'movimientos': [{'jugador_numero': 7, 'x': 5, 'y': 10}]}
2025-05-07 00:45:11 - __main__ - [INFO] Tienes la pelota!
2025-05-07 00:45:11 - __main__ - [INFO] Accion enviada. Mensaje: mensaje_id='PATEAR' token='TOKEN-8da5cd30-bea5-4dc2-9935-3c85daa052e3' datos={'x': 6, 'y': 19}
2025-05-07 00:45:11 - __main__ - [INFO] Tienes la pelota!
2025-05-07 00:45:11 - __main__ - [INFO] Accion enviada. Mensaje: mensaje_id='PATEAR' token='TOKEN-8da5cd30-bea5-4dc2-9935-3c85daa052e3' datos={'x': 6, 'y': 19}
2025-05-07 00:45:11 - __main__ - [WARNING] Otro mensaje recibido. Mensaje enviado: 
Mensaje Enviado: mensaje_id='PATEAR' token='TOKEN-8da5cd30-bea5-4dc2-9935-3c85daa052e3' datos={'x': 6, 'y': 19}

Mensaje recibido: None
2025-05-07 00:45:17 - __main__ - [INFO] Tienes la pelota!
2025-05-07 00:45:17 - __main__ - [INFO] Accion enviada. Mensaje: mensaje_id='PATEAR' token='TOKEN-8da5cd30-bea5-4dc2-9935-3c85daa052e3' datos={'x': 6, 'y': 19}
2025-05-07 00:45:17 - __main__ - [INFO] Tienes la pelota!
2025-05-07 00:45:17 - __main__ - [INFO] Accion enviada. Mensaje: mensaje_id='PATEAR' token='TOKEN-8da5cd30-bea5-4dc2-9935-3c85daa052e3' datos={'x': 6, 'y': 19}
2025-05-07 00:45:17 - __main__ - [INFO] Reaccionar
2025-05-07 00:45:17 - utils - [INFO] Jugador mas cercano 7
2025-05-07 00:45:17 - __main__ - [INFO] Accion enviada. Mensaje: mensaje_id='MARCAR_ADVERSARIO' token='TOKEN-8da5cd30-bea5-4dc2-9935-3c85daa052e3' datos={'jugador_numero': 7, 'adversario_numero': 11}
2025-05-07 00:45:17 - __main__ - [INFO] Reaccionar
2025-05-07 00:45:17 - utils - [INFO] Jugador mas cercano 7
2025-05-07 00:45:17 - __main__ - [INFO] Accion enviada. Mensaje: mensaje_id='MARCAR_ADVERSARIO' token='TOKEN-8da5cd30-bea5-4dc2-9935-3c85daa052e3' datos={'jugador_numero': 7, 'adversario_numero': 11}
2025-05-07 00:45:17 - __main__ - [WARNING] Otro mensaje recibido. Mensaje enviado: 
Mensaje Enviado: mensaje_id='MARCAR_ADVERSARIO' token='TOKEN-8da5cd30-bea5-4dc2-9935-3c85daa052e3' datos={'jugador_numero': 7, 'adversario_numero': 11}

Mensaje recibido: None
2025-05-07 00:45:18 - __main__ - [ERROR] Mensaje de error del servidor. Mensaje enviado: mensaje_id='MARCAR_ADVERSARIO' token='TOKEN-8da5cd30-bea5-4dc2-9935-3c85daa052e3' datos={'jugador_numero': 7, 'adversario_numero': 11}, Mensaje recibido: mensaje_id='ERROR' datos={'descripcion': 'PATEAR no se puede ejecturar por no poseer la pelota.'}
2025-05-07 00:45:18 - __main__ - [INFO] Tienes la pelota!
2025-05-07 00:45:18 - __main__ - [INFO] Accion enviada. Mensaje: mensaje_id='PATEAR' token='TOKEN-8da5cd30-bea5-4dc2-9935-3c85daa052e3' datos={'x': 6, 'y': 19}
2025-05-07 00:45:18 - __main__ - [INFO] Reaccionar
2025-05-07 00:45:18 - utils - [INFO] Jugador mas cercano 10
2025-05-07 00:45:18 - __main__ - [INFO] Accion enviada. Mensaje: mensaje_id='CORRER' token='TOKEN-8da5cd30-bea5-4dc2-9935-3c85daa052e3' datos={'movimientos': [{'jugador_numero': 10, 'x': 5, 'y': 13}]}
2025-05-07 00:45:18 - __main__ - [INFO] Reaccionar
2025-05-07 00:45:18 - utils - [INFO] Jugador mas cercano 10
2025-05-07 00:45:18 - __main__ - [INFO] Accion enviada. Mensaje: mensaje_id='CORRER' token='TOKEN-8da5cd30-bea5-4dc2-9935-3c85daa052e3' datos={'movimientos': [{'jugador_numero': 10, 'x': 5, 'y': 13}]}
2025-05-07 00:45:18 - __main__ - [WARNING] Otro mensaje recibido. Mensaje enviado: 
Mensaje Enviado: mensaje_id='CORRER' token='TOKEN-8da5cd30-bea5-4dc2-9935-3c85daa052e3' datos={'movimientos': [{'jugador_numero': 10, 'x': 5, 'y': 13}]}

Mensaje recibido: None
2025-05-07 00:45:19 - __main__ - [INFO] Reaccionar
2025-05-07 00:45:19 - utils - [INFO] Jugador mas cercano 10
2025-05-07 00:45:19 - __main__ - [INFO] Accion enviada. Mensaje: mensaje_id='CORRER' token='TOKEN-8da5cd30-bea5-4dc2-9935-3c85daa052e3' datos={'movimientos': [{'jugador_numero': 10, 'x': 5, 'y': 13}]}
2025-05-07 00:45:19 - __main__ - [ERROR] Mensaje de error del servidor. Mensaje enviado: mensaje_id='CORRER' token='TOKEN-8da5cd30-bea5-4dc2-9935-3c85daa052e3' datos={'movimientos': [{'jugador_numero': 10, 'x': 5, 'y': 13}]}, Mensaje recibido: mensaje_id='ERROR' datos={'descripcion': 'PATEAR no se puede ejecturar por no poseer la pelota.'}
2025-05-07 00:45:19 - __main__ - [INFO] Reaccionar
2025-05-07 00:45:19 - utils - [INFO] Jugador mas cercano 10
2025-05-07 00:45:19 - __main__ - [INFO] Accion enviada. Mensaje: mensaje_id='CORRER' token='TOKEN-8da5cd30-bea5-4dc2-9935-3c85daa052e3' datos={'movimientos': [{'jugador_numero': 10, 'x': 5, 'y': 13}]}
2025-05-07 00:45:19 - __main__ - [INFO] Tienes la pelota!
2025-05-07 00:45:19 - __main__ - [INFO] Accion enviada. Mensaje: mensaje_id='PATEAR' token='TOKEN-8da5cd30-bea5-4dc2-9935-3c85daa052e3' datos={'x': 6, 'y': 19}
2025-05-07 00:45:19 - __main__ - [WARNING] Otro mensaje recibido. Mensaje enviado: 
Mensaje Enviado: mensaje_id='PATEAR' token='TOKEN-8da5cd30-bea5-4dc2-9935-3c85daa052e3' datos={'x': 6, 'y': 19}

Mensaje recibido: None
2025-05-07 00:45:22 - __main__ - [INFO] Tienes la pelota!
2025-05-07 00:45:22 - __main__ - [INFO] Accion enviada. Mensaje: mensaje_id='PATEAR' token='TOKEN-8da5cd30-bea5-4dc2-9935-3c85daa052e3' datos={'x': 6, 'y': 19}
2025-05-07 00:45:22 - __main__ - [INFO] Reaccionar
2025-05-07 00:45:22 - utils - [INFO] Jugador mas cercano 10
2025-05-07 00:45:22 - __main__ - [INFO] Accion enviada. Mensaje: mensaje_id='MARCAR_ADVERSARIO' token='TOKEN-8da5cd30-bea5-4dc2-9935-3c85daa052e3' datos={'jugador_numero': 10, 'adversario_numero': 7}
2025-05-07 00:45:22 - __main__ - [INFO] Tienes la pelota!
2025-05-07 00:45:22 - __main__ - [INFO] Accion enviada. Mensaje: mensaje_id='PATEAR' token='TOKEN-8da5cd30-bea5-4dc2-9935-3c85daa052e3' datos={'x': 6, 'y': 19}
2025-05-07 00:45:22 - __main__ - [INFO] Tienes la pelota!
2025-05-07 00:45:22 - __main__ - [INFO] Accion enviada. Mensaje: mensaje_id='PATEAR' token='TOKEN-8da5cd30-bea5-4dc2-9935-3c85daa052e3' datos={'x': 6, 'y': 19}
2025-05-07 00:45:22 - __main__ - [WARNING] Otro mensaje recibido. Mensaje enviado: 
Mensaje Enviado: mensaje_id='PATEAR' token='TOKEN-8da5cd30-bea5-4dc2-9935-3c85daa052e3' datos={'x': 6, 'y': 19}

Mensaje recibido: None
2025-05-07 00:45:23 - __main__ - [INFO] Reaccionar
2025-05-07 00:45:23 - utils - [INFO] Jugador mas cercano 10
2025-05-07 00:45:23 - __main__ - [INFO] Accion enviada. Mensaje: mensaje_id='CORRER' token='TOKEN-8da5cd30-bea5-4dc2-9935-3c85daa052e3' datos={'movimientos': [{'jugador_numero': 10, 'x': 6, 'y': 17}]}
2025-05-07 00:45:23 - __main__ - [INFO] Reaccionar
2025-05-07 00:45:23 - utils - [INFO] Jugador mas cercano 10
2025-05-07 00:45:23 - __main__ - [INFO] Accion enviada. Mensaje: mensaje_id='CORRER' token='TOKEN-8da5cd30-bea5-4dc2-9935-3c85daa052e3' datos={'movimientos': [{'jugador_numero': 10, 'x': 6, 'y': 17}]}
2025-05-07 00:45:23 - __main__ - [WARNING] Otro mensaje recibido. Mensaje enviado: 
Mensaje Enviado: mensaje_id='CORRER' token='TOKEN-8da5cd30-bea5-4dc2-9935-3c85daa052e3' datos={'movimientos': [{'jugador_numero': 10, 'x': 6, 'y': 17}]}

Mensaje recibido: None
2025-05-07 00:45:25 - __main__ - [INFO] Tienes la pelota!
2025-05-07 00:45:25 - __main__ - [INFO] Accion enviada. Mensaje: mensaje_id='PATEAR' token='TOKEN-8da5cd30-bea5-4dc2-9935-3c85daa052e3' datos={'x': 6, 'y': 19}
2025-05-07 00:45:25 - __main__ - [INFO] Tienes la pelota!
2025-05-07 00:45:25 - __main__ - [INFO] Accion enviada. Mensaje: mensaje_id='PATEAR' token='TOKEN-8da5cd30-bea5-4dc2-9935-3c85daa052e3' datos={'x': 6, 'y': 19}
2025-05-07 00:45:25 - __main__ - [INFO] Tienes la pelota!
2025-05-07 00:45:25 - __main__ - [INFO] Accion enviada. Mensaje: mensaje_id='PATEAR' token='TOKEN-8da5cd30-bea5-4dc2-9935-3c85daa052e3' datos={'x': 6, 'y': 19}
2025-05-07 00:45:25 - __main__ - [WARNING] Otro mensaje recibido. Mensaje enviado: 
Mensaje Enviado: mensaje_id='PATEAR' token='TOKEN-8da5cd30-bea5-4dc2-9935-3c85daa052e3' datos={'x': 6, 'y': 19}

Mensaje recibido: None
2025-05-07 00:45:35 - __main__ - [INFO] Reaccionar
2025-05-07 00:45:35 - utils - [INFO] Jugador mas cercano 10
2025-05-07 00:45:35 - __main__ - [INFO] Accion enviada. Mensaje: mensaje_id='CORRER' token='TOKEN-8da5cd30-bea5-4dc2-9935-3c85daa052e3' datos={'movimientos': [{'jugador_numero': 10, 'x': 6, 'y': 17}]}
2025-05-07 00:45:35 - __main__ - [WARNING] Otro mensaje recibido. Mensaje enviado: 
Mensaje Enviado: mensaje_id='CORRER' token='TOKEN-8da5cd30-bea5-4dc2-9935-3c85daa052e3' datos={'movimientos': [{'jugador_numero': 10, 'x': 6, 'y': 17}]}

Mensaje recibido: None
2025-05-07 00:45:39 - __main__ - [INFO] Reaccionar
2025-05-07 00:45:39 - utils - [INFO] Jugador mas cercano 7
2025-05-07 00:45:39 - __main__ - [INFO] Accion enviada. Mensaje: mensaje_id='MARCAR_ADVERSARIO' token='TOKEN-8da5cd30-bea5-4dc2-9935-3c85daa052e3' datos={'jugador_numero': 7, 'adversario_numero': 11}
2025-05-07 00:45:39 - __main__ - [INFO] Reaccionar
2025-05-07 00:45:39 - utils - [INFO] Jugador mas cercano 7
2025-05-07 00:45:39 - __main__ - [INFO] Accion enviada. Mensaje: mensaje_id='MARCAR_ADVERSARIO' token='TOKEN-8da5cd30-bea5-4dc2-9935-3c85daa052e3' datos={'jugador_numero': 7, 'adversario_numero': 11}
2025-05-07 00:45:39 - __main__ - [INFO] Reaccionar
2025-05-07 00:45:39 - utils - [INFO] Jugador mas cercano 7
2025-05-07 00:45:39 - __main__ - [INFO] Accion enviada. Mensaje: mensaje_id='MARCAR_ADVERSARIO' token='TOKEN-8da5cd30-bea5-4dc2-9935-3c85daa052e3' datos={'jugador_numero': 7, 'adversario_numero': 11}
2025-05-07 00:45:39 - __main__ - [WARNING] Otro mensaje recibido. Mensaje enviado: 
Mensaje Enviado: mensaje_id='MARCAR_ADVERSARIO' token='TOKEN-8da5cd30-bea5-4dc2-9935-3c85daa052e3' datos={'jugador_numero': 7, 'adversario_numero': 11}

Mensaje recibido: None
2025-05-07 00:45:42 - __main__ - [INFO] Reaccionar
2025-05-07 00:45:42 - utils - [INFO] Jugador mas cercano 7
2025-05-07 00:45:42 - __main__ - [INFO] Accion enviada. Mensaje: mensaje_id='MARCAR_ADVERSARIO' token='TOKEN-8da5cd30-bea5-4dc2-9935-3c85daa052e3' datos={'jugador_numero': 7, 'adversario_numero': 11}
2025-05-07 00:45:42 - __main__ - [INFO] Reaccionar
2025-05-07 00:45:42 - utils - [INFO] Jugador mas cercano 7
2025-05-07 00:45:42 - __main__ - [INFO] Accion enviada. Mensaje: mensaje_id='MARCAR_ADVERSARIO' token='TOKEN-8da5cd30-bea5-4dc2-9935-3c85daa052e3' datos={'jugador_numero': 7, 'adversario_numero': 11}
2025-05-07 00:45:42 - __main__ - [INFO] Reaccionar
2025-05-07 00:45:42 - utils - [INFO] Jugador mas cercano 6
2025-05-07 00:45:42 - __main__ - [INFO] Accion enviada. Mensaje: mensaje_id='CORRER' token='TOKEN-8da5cd30-bea5-4dc2-9935-3c85daa052e3' datos={'movimientos': [{'jugador_numero': 6, 'x': 6, 'y': 6}]}
2025-05-07 00:45:42 - __main__ - [INFO] Reaccionar
2025-05-07 00:45:42 - utils - [INFO] Jugador mas cercano 7
2025-05-07 00:45:42 - __main__ - [INFO] Accion enviada. Mensaje: mensaje_id='MARCAR_ADVERSARIO' token='TOKEN-8da5cd30-bea5-4dc2-9935-3c85daa052e3' datos={'jugador_numero': 7, 'adversario_numero': 11}
2025-05-07 00:45:42 - __main__ - [WARNING] Otro mensaje recibido. Mensaje enviado: 
Mensaje Enviado: mensaje_id='MARCAR_ADVERSARIO' token='TOKEN-8da5cd30-bea5-4dc2-9935-3c85daa052e3' datos={'jugador_numero': 7, 'adversario_numero': 11}

Mensaje recibido: None
2025-05-07 00:45:43 - __main__ - [INFO] Reaccionar
2025-05-07 00:45:43 - utils - [INFO] Pelota en el aire.
2025-05-07 00:45:43 - utils - [INFO] Jugador mas cercano 7
2025-05-07 00:45:43 - __main__ - [INFO] Accion enviada. Mensaje: mensaje_id='CORRER' token='TOKEN-8da5cd30-bea5-4dc2-9935-3c85daa052e3' datos={'movimientos': [{'jugador_numero': 7, 'x': 4, 'y': 10}]}
2025-05-07 00:45:43 - __main__ - [INFO] Reaccionar
2025-05-07 00:45:43 - utils - [INFO] Jugador mas cercano 6
2025-05-07 00:45:43 - __main__ - [INFO] Accion enviada. Mensaje: mensaje_id='CORRER' token='TOKEN-8da5cd30-bea5-4dc2-9935-3c85daa052e3' datos={'movimientos': [{'jugador_numero': 6, 'x': 5, 'y': 7}]}
2025-05-07 00:45:43 - __main__ - [INFO] Tienes la pelota!
2025-05-07 00:45:43 - __main__ - [INFO] Accion enviada. Mensaje: mensaje_id='PATEAR' token='TOKEN-8da5cd30-bea5-4dc2-9935-3c85daa052e3' datos={'x': 6, 'y': 19}
2025-05-07 00:45:43 - __main__ - [INFO] Reaccionar
2025-05-07 00:45:43 - utils - [INFO] Jugador mas cercano 7
2025-05-07 00:45:43 - __main__ - [INFO] Accion enviada. Mensaje: mensaje_id='MARCAR_ADVERSARIO' token='TOKEN-8da5cd30-bea5-4dc2-9935-3c85daa052e3' datos={'jugador_numero': 7, 'adversario_numero': 11}
2025-05-07 00:45:43 - __main__ - [WARNING] Otro mensaje recibido. Mensaje enviado: 
Mensaje Enviado: mensaje_id='MARCAR_ADVERSARIO' token='TOKEN-8da5cd30-bea5-4dc2-9935-3c85daa052e3' datos={'jugador_numero': 7, 'adversario_numero': 11}

Mensaje recibido: None
2025-05-07 00:45:45 - __main__ - [INFO] Reaccionar
2025-05-07 00:45:45 - utils - [INFO] Jugador mas cercano 7
2025-05-07 00:45:45 - __main__ - [INFO] Accion enviada. Mensaje: mensaje_id='MARCAR_ADVERSARIO' token='TOKEN-8da5cd30-bea5-4dc2-9935-3c85daa052e3' datos={'jugador_numero': 7, 'adversario_numero': 11}
2025-05-07 00:45:45 - __main__ - [INFO] Tienes la pelota!
2025-05-07 00:45:45 - __main__ - [INFO] Accion enviada. Mensaje: mensaje_id='PATEAR' token='TOKEN-8da5cd30-bea5-4dc2-9935-3c85daa052e3' datos={'x': 6, 'y': 19}
2025-05-07 00:45:45 - __main__ - [INFO] Reaccionar
2025-05-07 00:45:45 - utils - [INFO] Jugador mas cercano 7
2025-05-07 00:45:45 - __main__ - [INFO] Accion enviada. Mensaje: mensaje_id='MARCAR_ADVERSARIO' token='TOKEN-8da5cd30-bea5-4dc2-9935-3c85daa052e3' datos={'jugador_numero': 7, 'adversario_numero': 11}
2025-05-07 00:45:45 - __main__ - [INFO] Tienes la pelota!
2025-05-07 00:45:45 - __main__ - [INFO] Accion enviada. Mensaje: mensaje_id='PATEAR' token='TOKEN-8da5cd30-bea5-4dc2-9935-3c85daa052e3' datos={'x': 6, 'y': 19}
2025-05-07 00:45:45 - __main__ - [WARNING] Otro mensaje recibido. Mensaje enviado: 
Mensaje Enviado: mensaje_id='PATEAR' token='TOKEN-8da5cd30-bea5-4dc2-9935-3c85daa052e3' datos={'x': 6, 'y': 19}

Mensaje recibido: None
2025-05-07 00:45:46 - __main__ - [INFO] Reaccionar
2025-05-07 00:45:46 - utils - [INFO] Jugador mas cercano 7
2025-05-07 00:45:46 - __main__ - [INFO] Accion enviada. Mensaje: mensaje_id='MARCAR_ADVERSARIO' token='TOKEN-8da5cd30-bea5-4dc2-9935-3c85daa052e3' datos={'jugador_numero': 7, 'adversario_numero': 11}
2025-05-07 00:45:46 - __main__ - [ERROR] Mensaje de error del servidor. Mensaje enviado: mensaje_id='MARCAR_ADVERSARIO' token='TOKEN-8da5cd30-bea5-4dc2-9935-3c85daa052e3' datos={'jugador_numero': 7, 'adversario_numero': 11}, Mensaje recibido: mensaje_id='ERROR' datos={'descripcion': 'PATEAR no se puede ejecturar por no poseer la pelota.'}
2025-05-07 00:45:46 - __main__ - [INFO] Tienes la pelota!
2025-05-07 00:45:46 - __main__ - [INFO] Accion enviada. Mensaje: mensaje_id='PATEAR' token='TOKEN-8da5cd30-bea5-4dc2-9935-3c85daa052e3' datos={'x': 6, 'y': 19}
2025-05-07 00:45:47 - __main__ - [INFO] Reaccionar
2025-05-07 00:45:47 - utils - [INFO] Jugador mas cercano 7
2025-05-07 00:45:47 - __main__ - [INFO] Accion enviada. Mensaje: mensaje_id='MARCAR_ADVERSARIO' token='TOKEN-8da5cd30-bea5-4dc2-9935-3c85daa052e3' datos={'jugador_numero': 7, 'adversario_numero': 11}
2025-05-07 00:45:47 - __main__ - [INFO] Tienes la pelota!
2025-05-07 00:45:47 - __main__ - [INFO] Accion enviada. Mensaje: mensaje_id='PATEAR' token='TOKEN-8da5cd30-bea5-4dc2-9935-3c85daa052e3' datos={'x': 6, 'y': 19}
2025-05-07 00:45:47 - __main__ - [INFO] Reaccionar
2025-05-07 00:45:47 - utils - [INFO] Jugador mas cercano 10
2025-05-07 00:45:47 - __main__ - [INFO] Accion enviada. Mensaje: mensaje_id='CORRER' token='TOKEN-8da5cd30-bea5-4dc2-9935-3c85daa052e3' datos={'movimientos': [{'jugador_numero': 10, 'x': 5, 'y': 14}]}
2025-05-07 00:45:47 - __main__ - [WARNING] Otro mensaje recibido. Mensaje enviado: 
Mensaje Enviado: mensaje_id='CORRER' token='TOKEN-8da5cd30-bea5-4dc2-9935-3c85daa052e3' datos={'movimientos': [{'jugador_numero': 10, 'x': 5, 'y': 14}]}

Mensaje recibido: None
2025-05-07 00:45:49 - __main__ - [INFO] Reaccionar
2025-05-07 00:45:49 - utils - [INFO] Jugador mas cercano 10
2025-05-07 00:45:49 - __main__ - [INFO] Accion enviada. Mensaje: mensaje_id='CORRER' token='TOKEN-8da5cd30-bea5-4dc2-9935-3c85daa052e3' datos={'movimientos': [{'jugador_numero': 10, 'x': 5, 'y': 14}]}
2025-05-07 00:45:49 - __main__ - [INFO] Tienes la pelota!
2025-05-07 00:45:49 - __main__ - [INFO] Accion enviada. Mensaje: mensaje_id='PATEAR' token='TOKEN-8da5cd30-bea5-4dc2-9935-3c85daa052e3' datos={'x': 6, 'y': 19}
2025-05-07 00:45:49 - __main__ - [INFO] Tienes la pelota!
2025-05-07 00:45:49 - __main__ - [INFO] Accion enviada. Mensaje: mensaje_id='PATEAR' token='TOKEN-8da5cd30-bea5-4dc2-9935-3c85daa052e3' datos={'x': 6, 'y': 19}
2025-05-07 00:45:49 - __main__ - [WARNING] Otro mensaje recibido. Mensaje enviado: 
Mensaje Enviado: mensaje_id='PATEAR' token='TOKEN-8da5cd30-bea5-4dc2-9935-3c85daa052e3' datos={'x': 6, 'y': 19}

Mensaje recibido: None
2025-05-07 00:45:57 - __main__ - [INFO] Tienes la pelota!
2025-05-07 00:45:57 - __main__ - [INFO] Accion enviada. Mensaje: mensaje_id='PATEAR' token='TOKEN-8da5cd30-bea5-4dc2-9935-3c85daa052e3' datos={'x': 6, 'y': 19}
2025-05-07 00:45:57 - __main__ - [INFO] Tienes la pelota!
2025-05-07 00:45:57 - __main__ - [INFO] Accion enviada. Mensaje: mensaje_id='PATEAR' token='TOKEN-8da5cd30-bea5-4dc2-9935-3c85daa052e3' datos={'x': 6, 'y': 19}
2025-05-07 00:45:57 - __main__ - [WARNING] Otro mensaje recibido. Mensaje enviado: 
Mensaje Enviado: mensaje_id='PATEAR' token='TOKEN-8da5cd30-bea5-4dc2-9935-3c85daa052e3' datos={'x': 6, 'y': 19}

Mensaje recibido: None
2025-05-07 00:45:57 - __main__ - [INFO] Reaccionar
2025-05-07 00:45:57 - utils - [INFO] Jugador mas cercano 11
2025-05-07 00:45:57 - __main__ - [INFO] Accion enviada. Mensaje: mensaje_id='MARCAR_ADVERSARIO' token='TOKEN-8da5cd30-bea5-4dc2-9935-3c85daa052e3' datos={'jugador_numero': 11, 'adversario_numero': 10}
2025-05-07 00:45:57 - __main__ - [WARNING] Otro mensaje recibido. Mensaje enviado: 
Mensaje Enviado: mensaje_id='MARCAR_ADVERSARIO' token='TOKEN-8da5cd30-bea5-4dc2-9935-3c85daa052e3' datos={'jugador_numero': 11, 'adversario_numero': 10}

Mensaje recibido: None
2025-05-07 00:45:58 - __main__ - [ERROR] Mensaje de error del servidor. Mensaje enviado: mensaje_id='MARCAR_ADVERSARIO' token='TOKEN-8da5cd30-bea5-4dc2-9935-3c85daa052e3' datos={'jugador_numero': 11, 'adversario_numero': 10}, Mensaje recibido: mensaje_id='ERROR' datos={'descripcion': 'PATEAR no se puede ejecturar por no poseer la pelota.'}
2025-05-07 00:45:58 - __main__ - [INFO] Reaccionar
2025-05-07 00:45:58 - utils - [INFO] Jugador mas cercano 11
2025-05-07 00:45:58 - __main__ - [INFO] Accion enviada. Mensaje: mensaje_id='MARCAR_ADVERSARIO' token='TOKEN-8da5cd30-bea5-4dc2-9935-3c85daa052e3' datos={'jugador_numero': 11, 'adversario_numero': 10}
2025-05-07 00:45:58 - __main__ - [INFO] Reaccionar
2025-05-07 00:45:58 - utils - [INFO] Jugador mas cercano 11
2025-05-07 00:45:58 - __main__ - [INFO] Accion enviada. Mensaje: mensaje_id='MARCAR_ADVERSARIO' token='TOKEN-8da5cd30-bea5-4dc2-9935-3c85daa052e3' datos={'jugador_numero': 11, 'adversario_numero': 10}
2025-05-07 00:45:58 - __main__ - [ERROR] Mensaje de error del servidor. Mensaje enviado: mensaje_id='MARCAR_ADVERSARIO' token='TOKEN-8da5cd30-bea5-4dc2-9935-3c85daa052e3' datos={'jugador_numero': 11, 'adversario_numero': 10}, Mensaje recibido: mensaje_id='ERROR' datos={'descripcion': 'PATEAR no se puede ejecturar por no poseer la pelota.'}
2025-05-07 00:45:59 - __main__ - [INFO] Reaccionar
2025-05-07 00:45:59 - utils - [INFO] Pelota en el aire.
2025-05-07 00:45:59 - utils - [INFO] Jugador mas cercano 11
2025-05-07 00:45:59 - __main__ - [INFO] Accion enviada. Mensaje: mensaje_id='CORRER' token='TOKEN-8da5cd30-bea5-4dc2-9935-3c85daa052e3' datos={'movimientos': [{'jugador_numero': 11, 'x': 8, 'y': 10}]}
2025-05-07 00:45:59 - __main__ - [INFO] Reaccionar
2025-05-07 00:45:59 - utils - [INFO] Jugador mas cercano 8
2025-05-07 00:45:59 - __main__ - [INFO] Accion enviada. Mensaje: mensaje_id='CORRER' token='TOKEN-8da5cd30-bea5-4dc2-9935-3c85daa052e3' datos={'movimientos': [{'jugador_numero': 8, 'x': 7, 'y': 6}]}
2025-05-07 00:45:59 - __main__ - [INFO] Reaccionar
2025-05-07 00:45:59 - utils - [INFO] Jugador mas cercano 11
2025-05-07 00:45:59 - __main__ - [INFO] Accion enviada. Mensaje: mensaje_id='MARCAR_ADVERSARIO' token='TOKEN-8da5cd30-bea5-4dc2-9935-3c85daa052e3' datos={'jugador_numero': 11, 'adversario_numero': 10}
2025-05-07 00:45:59 - __main__ - [INFO] Reaccionar
2025-05-07 00:45:59 - utils - [INFO] Jugador mas cercano 8
2025-05-07 00:45:59 - __main__ - [INFO] Accion enviada. Mensaje: mensaje_id='CORRER' token='TOKEN-8da5cd30-bea5-4dc2-9935-3c85daa052e3' datos={'movimientos': [{'jugador_numero': 8, 'x': 7, 'y': 6}]}
2025-05-07 00:45:59 - __main__ - [WARNING] Otro mensaje recibido. Mensaje enviado: 
Mensaje Enviado: mensaje_id='CORRER' token='TOKEN-8da5cd30-bea5-4dc2-9935-3c85daa052e3' datos={'movimientos': [{'jugador_numero': 8, 'x': 7, 'y': 6}]}

Mensaje recibido: None
2025-05-07 00:46:32 - __main__ - [INFO] Reaccionar
2025-05-07 00:46:32 - utils - [INFO] Jugador mas cercano 8
2025-05-07 00:46:32 - __main__ - [INFO] Accion enviada. Mensaje: mensaje_id='CORRER' token='TOKEN-8da5cd30-bea5-4dc2-9935-3c85daa052e3' datos={'movimientos': [{'jugador_numero': 8, 'x': 7, 'y': 6}]}
2025-05-07 00:46:32 - __main__ - [INFO] Reaccionar
2025-05-07 00:46:32 - utils - [INFO] Jugador mas cercano 8
2025-05-07 00:46:32 - __main__ - [INFO] Accion enviada. Mensaje: mensaje_id='CORRER' token='TOKEN-8da5cd30-bea5-4dc2-9935-3c85daa052e3' datos={'movimientos': [{'jugador_numero': 8, 'x': 7, 'y': 6}]}
2025-05-07 00:46:32 - __main__ - [INFO] Reaccionar
2025-05-07 00:46:32 - utils - [INFO] Jugador mas cercano 8
2025-05-07 00:46:32 - __main__ - [INFO] Accion enviada. Mensaje: mensaje_id='CORRER' token='TOKEN-8da5cd30-bea5-4dc2-9935-3c85daa052e3' datos={'movimientos': [{'jugador_numero': 8, 'x': 7, 'y': 6}]}
2025-05-07 00:46:32 - __main__ - [INFO] Reaccionar
2025-05-07 00:46:32 - utils - [INFO] Jugador mas cercano 8
2025-05-07 00:46:32 - __main__ - [INFO] Accion enviada. Mensaje: mensaje_id='CORRER' token='TOKEN-8da5cd30-bea5-4dc2-9935-3c85daa052e3' datos={'movimientos': [{'jugador_numero': 8, 'x': 7, 'y': 6}]}
2025-05-07 00:46:32 - __main__ - [WARNING] Otro mensaje recibido. Mensaje enviado: 
Mensaje Enviado: mensaje_id='CORRER' token='TOKEN-8da5cd30-bea5-4dc2-9935-3c85daa052e3' datos={'movimientos': [{'jugador_numero': 8, 'x': 7, 'y': 6}]}

Mensaje recibido: None
2025-05-07 00:46:33 - __main__ - [INFO] Tienes la pelota!
2025-05-07 00:46:33 - __main__ - [INFO] Accion enviada. Mensaje: mensaje_id='PATEAR' token='TOKEN-8da5cd30-bea5-4dc2-9935-3c85daa052e3' datos={'x': 6, 'y': 19}
2025-05-07 00:46:33 - __main__ - [INFO] Tienes la pelota!
2025-05-07 00:46:33 - __main__ - [INFO] Accion enviada. Mensaje: mensaje_id='PATEAR' token='TOKEN-8da5cd30-bea5-4dc2-9935-3c85daa052e3' datos={'x': 6, 'y': 19}
2025-05-07 00:46:33 - __main__ - [INFO] Reaccionar
2025-05-07 00:46:33 - utils - [INFO] Jugador mas cercano 8
2025-05-07 00:46:33 - __main__ - [INFO] Accion enviada. Mensaje: mensaje_id='MARCAR_ADVERSARIO' token='TOKEN-8da5cd30-bea5-4dc2-9935-3c85daa052e3' datos={'jugador_numero': 8, 'adversario_numero': 9}
2025-05-07 00:46:33 - __main__ - [INFO] Reaccionar
2025-05-07 00:46:33 - utils - [INFO] Jugador mas cercano 8
2025-05-07 00:46:33 - __main__ - [INFO] Accion enviada. Mensaje: mensaje_id='MARCAR_ADVERSARIO' token='TOKEN-8da5cd30-bea5-4dc2-9935-3c85daa052e3' datos={'jugador_numero': 8, 'adversario_numero': 9}
2025-05-07 00:46:33 - __main__ - [WARNING] Otro mensaje recibido. Mensaje enviado: 
Mensaje Enviado: mensaje_id='MARCAR_ADVERSARIO' token='TOKEN-8da5cd30-bea5-4dc2-9935-3c85daa052e3' datos={'jugador_numero': 8, 'adversario_numero': 9}

Mensaje recibido: None
2025-05-07 00:46:34 - __main__ - [ERROR] Mensaje de error del servidor. Mensaje enviado: mensaje_id='MARCAR_ADVERSARIO' token='TOKEN-8da5cd30-bea5-4dc2-9935-3c85daa052e3' datos={'jugador_numero': 8, 'adversario_numero': 9}, Mensaje recibido: mensaje_id='ERROR' datos={'descripcion': 'PATEAR no se puede ejecturar por no poseer la pelota.'}
2025-05-07 00:46:34 - __main__ - [INFO] Reaccionar
2025-05-07 00:46:34 - utils - [INFO] Jugador mas cercano 8
2025-05-07 00:46:34 - __main__ - [INFO] Accion enviada. Mensaje: mensaje_id='MARCAR_ADVERSARIO' token='TOKEN-8da5cd30-bea5-4dc2-9935-3c85daa052e3' datos={'jugador_numero': 8, 'adversario_numero': 9}
2025-05-07 00:46:34 - __main__ - [ERROR] Mensaje de error del servidor. Mensaje enviado: mensaje_id='MARCAR_ADVERSARIO' token='TOKEN-8da5cd30-bea5-4dc2-9935-3c85daa052e3' datos={'jugador_numero': 8, 'adversario_numero': 9}, Mensaje recibido: mensaje_id='ERROR' datos={'descripcion': 'PATEAR no se puede ejecturar por no poseer la pelota.'}
2025-05-07 00:46:34 - __main__ - [INFO] Reaccionar
2025-05-07 00:46:34 - utils - [INFO] Jugador mas cercano 8
2025-05-07 00:46:34 - __main__ - [INFO] Accion enviada. Mensaje: mensaje_id='MARCAR_ADVERSARIO' token='TOKEN-8da5cd30-bea5-4dc2-9935-3c85daa052e3' datos={'jugador_numero': 8, 'adversario_numero': 9}
2025-05-07 00:46:35 - __main__ - [INFO] Reaccionar
2025-05-07 00:46:35 - utils - [INFO] Jugador mas cercano 8
2025-05-07 00:46:35 - __main__ - [INFO] Accion enviada. Mensaje: mensaje_id='MARCAR_ADVERSARIO' token='TOKEN-8da5cd30-bea5-4dc2-9935-3c85daa052e3' datos={'jugador_numero': 8, 'adversario_numero': 9}
2025-05-07 00:46:35 - __main__ - [INFO] Reaccionar
2025-05-07 00:46:35 - utils - [INFO] Jugador mas cercano 1
2025-05-07 00:46:35 - __main__ - [INFO] Accion enviada. Mensaje: mensaje_id='CORRER' token='TOKEN-8da5cd30-bea5-4dc2-9935-3c85daa052e3' datos={'movimientos': [{'jugador_numero': 1, 'x': 6, 'y': 2}]}
2025-05-07 00:46:35 - __main__ - [INFO] Tienes la pelota!
2025-05-07 00:46:35 - __main__ - [INFO] Accion enviada. Mensaje: mensaje_id='PATEAR' token='TOKEN-8da5cd30-bea5-4dc2-9935-3c85daa052e3' datos={'x': 6, 'y': 19}
2025-05-07 00:46:35 - __main__ - [INFO] Tienes la pelota!
2025-05-07 00:46:35 - __main__ - [INFO] Accion enviada. Mensaje: mensaje_id='PATEAR' token='TOKEN-8da5cd30-bea5-4dc2-9935-3c85daa052e3' datos={'x': 6, 'y': 19}
2025-05-07 00:46:35 - __main__ - [WARNING] Otro mensaje recibido. Mensaje enviado: 
Mensaje Enviado: mensaje_id='PATEAR' token='TOKEN-8da5cd30-bea5-4dc2-9935-3c85daa052e3' datos={'x': 6, 'y': 19}

Mensaje recibido: None
2025-05-07 00:46:36 - __main__ - [INFO] Tienes la pelota!
2025-05-07 00:46:36 - __main__ - [INFO] Accion enviada. Mensaje: mensaje_id='PATEAR' token='TOKEN-8da5cd30-bea5-4dc2-9935-3c85daa052e3' datos={'x': 6, 'y': 19}
2025-05-07 00:46:36 - __main__ - [INFO] Tienes la pelota!
2025-05-07 00:46:36 - __main__ - [INFO] Accion enviada. Mensaje: mensaje_id='PATEAR' token='TOKEN-8da5cd30-bea5-4dc2-9935-3c85daa052e3' datos={'x': 6, 'y': 19}
2025-05-07 00:46:36 - __main__ - [INFO] Reaccionar
2025-05-07 00:46:36 - utils - [INFO] Jugador mas cercano 8
2025-05-07 00:46:36 - __main__ - [INFO] Accion enviada. Mensaje: mensaje_id='MARCAR_ADVERSARIO' token='TOKEN-8da5cd30-bea5-4dc2-9935-3c85daa052e3' datos={'jugador_numero': 8, 'adversario_numero': 9}
2025-05-07 00:46:36 - __main__ - [WARNING] Otro mensaje recibido. Mensaje enviado: 
Mensaje Enviado: mensaje_id='MARCAR_ADVERSARIO' token='TOKEN-8da5cd30-bea5-4dc2-9935-3c85daa052e3' datos={'jugador_numero': 8, 'adversario_numero': 9}

Mensaje recibido: None
2025-05-07 00:46:37 - __main__ - [ERROR] Mensaje de error del servidor. Mensaje enviado: mensaje_id='MARCAR_ADVERSARIO' token='TOKEN-8da5cd30-bea5-4dc2-9935-3c85daa052e3' datos={'jugador_numero': 8, 'adversario_numero': 9}, Mensaje recibido: mensaje_id='ERROR' datos={'descripcion': 'PATEAR no se puede ejecturar por no poseer la pelota.'}
2025-05-07 00:46:37 - __main__ - [INFO] Reaccionar
2025-05-07 00:46:37 - utils - [INFO] Jugador mas cercano 8
2025-05-07 00:46:37 - __main__ - [INFO] Accion enviada. Mensaje: mensaje_id='MARCAR_ADVERSARIO' token='TOKEN-8da5cd30-bea5-4dc2-9935-3c85daa052e3' datos={'jugador_numero': 8, 'adversario_numero': 9}
2025-05-07 00:46:37 - __main__ - [INFO] Reaccionar
2025-05-07 00:46:37 - utils - [INFO] Jugador mas cercano 8
2025-05-07 00:46:37 - __main__ - [INFO] Accion enviada. Mensaje: mensaje_id='MARCAR_ADVERSARIO' token='TOKEN-8da5cd30-bea5-4dc2-9935-3c85daa052e3' datos={'jugador_numero': 8, 'adversario_numero': 9}
2025-05-07 00:46:37 - __main__ - [INFO] Tienes la pelota!
2025-05-07 00:46:37 - __main__ - [INFO] Accion enviada. Mensaje: mensaje_id='PATEAR' token='TOKEN-8da5cd30-bea5-4dc2-9935-3c85daa052e3' datos={'x': 6, 'y': 19}
2025-05-07 00:46:37 - __main__ - [WARNING] Otro mensaje recibido. Mensaje enviado: 
Mensaje Enviado: mensaje_id='PATEAR' token='TOKEN-8da5cd30-bea5-4dc2-9935-3c85daa052e3' datos={'x': 6, 'y': 19}

Mensaje recibido: None
2025-05-07 00:46:38 - __main__ - [INFO] Tienes la pelota!
2025-05-07 00:46:38 - __main__ - [INFO] Accion enviada. Mensaje: mensaje_id='PATEAR' token='TOKEN-8da5cd30-bea5-4dc2-9935-3c85daa052e3' datos={'x': 6, 'y': 19}
2025-05-07 00:46:38 - __main__ - [INFO] Reaccionar
2025-05-07 00:46:38 - utils - [INFO] Jugador mas cercano 8
2025-05-07 00:46:38 - __main__ - [INFO] Accion enviada. Mensaje: mensaje_id='MARCAR_ADVERSARIO' token='TOKEN-8da5cd30-bea5-4dc2-9935-3c85daa052e3' datos={'jugador_numero': 8, 'adversario_numero': 9}
2025-05-07 00:46:38 - __main__ - [INFO] Reaccionar
2025-05-07 00:46:38 - utils - [INFO] Jugador mas cercano 8
2025-05-07 00:46:38 - __main__ - [INFO] Accion enviada. Mensaje: mensaje_id='MARCAR_ADVERSARIO' token='TOKEN-8da5cd30-bea5-4dc2-9935-3c85daa052e3' datos={'jugador_numero': 8, 'adversario_numero': 9}
2025-05-07 00:46:38 - __main__ - [WARNING] Otro mensaje recibido. Mensaje enviado: 
Mensaje Enviado: mensaje_id='MARCAR_ADVERSARIO' token='TOKEN-8da5cd30-bea5-4dc2-9935-3c85daa052e3' datos={'jugador_numero': 8, 'adversario_numero': 9}

Mensaje recibido: None
2025-05-07 00:46:39 - __main__ - [ERROR] Mensaje de error del servidor. Mensaje enviado: mensaje_id='MARCAR_ADVERSARIO' token='TOKEN-8da5cd30-bea5-4dc2-9935-3c85daa052e3' datos={'jugador_numero': 8, 'adversario_numero': 9}, Mensaje recibido: mensaje_id='ERROR' datos={'descripcion': 'PATEAR no se puede ejecturar por no poseer la pelota.'}
2025-05-07 00:46:39 - __main__ - [INFO] Reaccionar
2025-05-07 00:46:39 - utils - [INFO] Jugador mas cercano 8
2025-05-07 00:46:39 - __main__ - [INFO] Accion enviada. Mensaje: mensaje_id='MARCAR_ADVERSARIO' token='TOKEN-8da5cd30-bea5-4dc2-9935-3c85daa052e3' datos={'jugador_numero': 8, 'adversario_numero': 9}
2025-05-07 00:46:39 - __main__ - [INFO] Reaccionar
2025-05-07 00:46:39 - utils - [INFO] Jugador mas cercano 8
2025-05-07 00:46:39 - __main__ - [INFO] Accion enviada. Mensaje: mensaje_id='MARCAR_ADVERSARIO' token='TOKEN-8da5cd30-bea5-4dc2-9935-3c85daa052e3' datos={'jugador_numero': 8, 'adversario_numero': 9}
2025-05-07 00:46:39 - __main__ - [INFO] Reaccionar
2025-05-07 00:46:39 - utils - [INFO] Jugador mas cercano 8
2025-05-07 00:46:39 - __main__ - [INFO] Accion enviada. Mensaje: mensaje_id='MARCAR_ADVERSARIO' token='TOKEN-8da5cd30-bea5-4dc2-9935-3c85daa052e3' datos={'jugador_numero': 8, 'adversario_numero': 9}
2025-05-07 00:46:39 - __main__ - [INFO] Tienes la pelota!
2025-05-07 00:46:39 - __main__ - [INFO] Accion enviada. Mensaje: mensaje_id='PATEAR' token='TOKEN-8da5cd30-bea5-4dc2-9935-3c85daa052e3' datos={'x': 6, 'y': 19}
2025-05-07 00:46:39 - __main__ - [WARNING] Otro mensaje recibido. Mensaje enviado: 
Mensaje Enviado: mensaje_id='PATEAR' token='TOKEN-8da5cd30-bea5-4dc2-9935-3c85daa052e3' datos={'x': 6, 'y': 19}

Mensaje recibido: None
2025-05-07 00:46:40 - __main__ - [INFO] Tienes la pelota!
2025-05-07 00:46:40 - __main__ - [INFO] Accion enviada. Mensaje: mensaje_id='PATEAR' token='TOKEN-8da5cd30-bea5-4dc2-9935-3c85daa052e3' datos={'x': 6, 'y': 19}
2025-05-07 00:46:40 - __main__ - [INFO] Tienes la pelota!
2025-05-07 00:46:40 - __main__ - [INFO] Accion enviada. Mensaje: mensaje_id='PATEAR' token='TOKEN-8da5cd30-bea5-4dc2-9935-3c85daa052e3' datos={'x': 6, 'y': 19}
2025-05-07 00:46:41 - __main__ - [INFO] Tienes la pelota!
2025-05-07 00:46:41 - __main__ - [INFO] Accion enviada. Mensaje: mensaje_id='PATEAR' token='TOKEN-8da5cd30-bea5-4dc2-9935-3c85daa052e3' datos={'x': 6, 'y': 19}
2025-05-07 00:46:41 - __main__ - [INFO] Reaccionar
2025-05-07 00:46:41 - utils - [INFO] Jugador mas cercano 8
2025-05-07 00:46:41 - __main__ - [INFO] Accion enviada. Mensaje: mensaje_id='CORRER' token='TOKEN-8da5cd30-bea5-4dc2-9935-3c85daa052e3' datos={'movimientos': [{'jugador_numero': 8, 'x': 6, 'y': 6}]}
2025-05-07 00:46:41 - __main__ - [ERROR] Mensaje de error del servidor. Mensaje enviado: mensaje_id='CORRER' token='TOKEN-8da5cd30-bea5-4dc2-9935-3c85daa052e3' datos={'movimientos': [{'jugador_numero': 8, 'x': 6, 'y': 6}]}, Mensaje recibido: mensaje_id='ERROR' datos={'descripcion': 'PATEAR no se puede ejecturar por no poseer la pelota.'}
2025-05-07 00:46:41 - __main__ - [INFO] Reaccionar
2025-05-07 00:46:41 - utils - [INFO] Jugador mas cercano 8
2025-05-07 00:46:41 - __main__ - [INFO] Accion enviada. Mensaje: mensaje_id='CORRER' token='TOKEN-8da5cd30-bea5-4dc2-9935-3c85daa052e3' datos={'movimientos': [{'jugador_numero': 8, 'x': 6, 'y': 6}]}
2025-05-07 00:46:41 - __main__ - [WARNING] Otro mensaje recibido. Mensaje enviado: 
Mensaje Enviado: mensaje_id='CORRER' token='TOKEN-8da5cd30-bea5-4dc2-9935-3c85daa052e3' datos={'movimientos': [{'jugador_numero': 8, 'x': 6, 'y': 6}]}

Mensaje recibido: None
2025-05-07 00:46:42 - __main__ - [ERROR] Mensaje de error del servidor. Mensaje enviado: mensaje_id='CORRER' token='TOKEN-8da5cd30-bea5-4dc2-9935-3c85daa052e3' datos={'movimientos': [{'jugador_numero': 8, 'x': 6, 'y': 6}]}, Mensaje recibido: mensaje_id='ERROR' datos={'descripcion': 'PATEAR no se puede ejecturar por no poseer la pelota.'}
2025-05-07 00:46:42 - __main__ - [INFO] Reaccionar
2025-05-07 00:46:42 - utils - [INFO] Jugador mas cercano 8
2025-05-07 00:46:42 - __main__ - [INFO] Accion enviada. Mensaje: mensaje_id='CORRER' token='TOKEN-8da5cd30-bea5-4dc2-9935-3c85daa052e3' datos={'movimientos': [{'jugador_numero': 8, 'x': 6, 'y': 6}]}
2025-05-07 00:46:42 - __main__ - [INFO] Tienes la pelota!
2025-05-07 00:46:42 - __main__ - [INFO] Accion enviada. Mensaje: mensaje_id='PATEAR' token='TOKEN-8da5cd30-bea5-4dc2-9935-3c85daa052e3' datos={'x': 6, 'y': 19}
2025-05-07 00:46:42 - __main__ - [INFO] Tienes la pelota!
2025-05-07 00:46:42 - __main__ - [INFO] Accion enviada. Mensaje: mensaje_id='PATEAR' token='TOKEN-8da5cd30-bea5-4dc2-9935-3c85daa052e3' datos={'x': 6, 'y': 19}
2025-05-07 00:46:42 - __main__ - [WARNING] Otro mensaje recibido. Mensaje enviado: 
Mensaje Enviado: mensaje_id='PATEAR' token='TOKEN-8da5cd30-bea5-4dc2-9935-3c85daa052e3' datos={'x': 6, 'y': 19}

Mensaje recibido: None
2025-05-07 00:46:43 - __main__ - [INFO] Tienes la pelota!
2025-05-07 00:46:43 - __main__ - [INFO] Accion enviada. Mensaje: mensaje_id='PATEAR' token='TOKEN-8da5cd30-bea5-4dc2-9935-3c85daa052e3' datos={'x': 6, 'y': 19}
2025-05-07 00:46:43 - __main__ - [INFO] Tienes la pelota!
2025-05-07 00:46:43 - __main__ - [INFO] Accion enviada. Mensaje: mensaje_id='PATEAR' token='TOKEN-8da5cd30-bea5-4dc2-9935-3c85daa052e3' datos={'x': 6, 'y': 19}
2025-05-07 00:46:43 - __main__ - [INFO] Tienes la pelota!
2025-05-07 00:46:43 - __main__ - [INFO] Accion enviada. Mensaje: mensaje_id='PATEAR' token='TOKEN-8da5cd30-bea5-4dc2-9935-3c85daa052e3' datos={'x': 6, 'y': 19}
2025-05-07 00:46:43 - __main__ - [INFO] Reaccionar
2025-05-07 00:46:43 - utils - [INFO] Jugador mas cercano 11
2025-05-07 00:46:43 - __main__ - [INFO] Accion enviada. Mensaje: mensaje_id='CORRER' token='TOKEN-8da5cd30-bea5-4dc2-9935-3c85daa052e3' datos={'movimientos': [{'jugador_numero': 11, 'x': 6, 'y': 11}]}
2025-05-07 00:46:43 - __main__ - [WARNING] Otro mensaje recibido. Mensaje enviado: 
Mensaje Enviado: mensaje_id='CORRER' token='TOKEN-8da5cd30-bea5-4dc2-9935-3c85daa052e3' datos={'movimientos': [{'jugador_numero': 11, 'x': 6, 'y': 11}]}

Mensaje recibido: None
2025-05-07 00:46:44 - __main__ - [ERROR] Mensaje de error del servidor. Mensaje enviado: mensaje_id='CORRER' token='TOKEN-8da5cd30-bea5-4dc2-9935-3c85daa052e3' datos={'movimientos': [{'jugador_numero': 11, 'x': 6, 'y': 11}]}, Mensaje recibido: mensaje_id='ERROR' datos={'descripcion': 'PATEAR no se puede ejecturar por no poseer la pelota.'}
2025-05-07 00:46:44 - __main__ - [INFO] Reaccionar
2025-05-07 00:46:44 - utils - [INFO] Jugador mas cercano 11
2025-05-07 00:46:44 - __main__ - [INFO] Accion enviada. Mensaje: mensaje_id='CORRER' token='TOKEN-8da5cd30-bea5-4dc2-9935-3c85daa052e3' datos={'movimientos': [{'jugador_numero': 11, 'x': 6, 'y': 11}]}
2025-05-07 00:46:44 - __main__ - [INFO] Reaccionar
2025-05-07 00:46:44 - utils - [INFO] Jugador mas cercano 11
2025-05-07 00:46:44 - __main__ - [INFO] Accion enviada. Mensaje: mensaje_id='CORRER' token='TOKEN-8da5cd30-bea5-4dc2-9935-3c85daa052e3' datos={'movimientos': [{'jugador_numero': 11, 'x': 6, 'y': 11}]}
2025-05-07 00:46:44 - __main__ - [ERROR] Mensaje de error del servidor. Mensaje enviado: mensaje_id='CORRER' token='TOKEN-8da5cd30-bea5-4dc2-9935-3c85daa052e3' datos={'movimientos': [{'jugador_numero': 11, 'x': 6, 'y': 11}]}, Mensaje recibido: mensaje_id='ERROR' datos={'descripcion': 'PATEAR no se puede ejecturar por no poseer la pelota.'}
2025-05-07 00:46:45 - __main__ - [INFO] Reaccionar
2025-05-07 00:46:45 - utils - [INFO] Jugador mas cercano 11
2025-05-07 00:46:45 - __main__ - [INFO] Accion enviada. Mensaje: mensaje_id='CORRER' token='TOKEN-8da5cd30-bea5-4dc2-9935-3c85daa052e3' datos={'movimientos': [{'jugador_numero': 11, 'x': 6, 'y': 11}]}
2025-05-07 00:46:45 - __main__ - [INFO] Reaccionar
2025-05-07 00:46:45 - utils - [INFO] Jugador mas cercano 11
2025-05-07 00:46:45 - __main__ - [INFO] Accion enviada. Mensaje: mensaje_id='CORRER' token='TOKEN-8da5cd30-bea5-4dc2-9935-3c85daa052e3' datos={'movimientos': [{'jugador_numero': 11, 'x': 6, 'y': 11}]}
2025-05-07 00:46:45 - __main__ - [INFO] Tienes la pelota!
2025-05-07 00:46:45 - __main__ - [INFO] Accion enviada. Mensaje: mensaje_id='PATEAR' token='TOKEN-8da5cd30-bea5-4dc2-9935-3c85daa052e3' datos={'x': 6, 'y': 19}
2025-05-07 00:46:45 - __main__ - [INFO] Tienes la pelota!
2025-05-07 00:46:45 - __main__ - [INFO] Accion enviada. Mensaje: mensaje_id='PATEAR' token='TOKEN-8da5cd30-bea5-4dc2-9935-3c85daa052e3' datos={'x': 6, 'y': 19}
2025-05-07 00:46:45 - __main__ - [WARNING] Otro mensaje recibido. Mensaje enviado: 
Mensaje Enviado: mensaje_id='PATEAR' token='TOKEN-8da5cd30-bea5-4dc2-9935-3c85daa052e3' datos={'x': 6, 'y': 19}

Mensaje recibido: None
2025-05-07 00:46:46 - __main__ - [INFO] Reaccionar
2025-05-07 00:46:46 - utils - [INFO] Jugador mas cercano 11
2025-05-07 00:46:46 - __main__ - [INFO] Accion enviada. Mensaje: mensaje_id='MARCAR_ADVERSARIO' token='TOKEN-8da5cd30-bea5-4dc2-9935-3c85daa052e3' datos={'jugador_numero': 11, 'adversario_numero': 10}
2025-05-07 00:46:46 - __main__ - [INFO] Reaccionar
2025-05-07 00:46:46 - utils - [INFO] Jugador mas cercano 7
2025-05-07 00:46:46 - __main__ - [INFO] Accion enviada. Mensaje: mensaje_id='MARCAR_ADVERSARIO' token='TOKEN-8da5cd30-bea5-4dc2-9935-3c85daa052e3' datos={'jugador_numero': 7, 'adversario_numero': 11}
2025-05-07 00:46:46 - __main__ - [INFO] Tienes la pelota!
2025-05-07 00:46:46 - __main__ - [INFO] Accion enviada. Mensaje: mensaje_id='PATEAR' token='TOKEN-8da5cd30-bea5-4dc2-9935-3c85daa052e3' datos={'x': 6, 'y': 19}
2025-05-07 00:46:46 - __main__ - [INFO] Tienes la pelota!
2025-05-07 00:46:46 - __main__ - [INFO] Accion enviada. Mensaje: mensaje_id='PATEAR' token='TOKEN-8da5cd30-bea5-4dc2-9935-3c85daa052e3' datos={'x': 6, 'y': 19}
2025-05-07 00:46:46 - __main__ - [WARNING] Otro mensaje recibido. Mensaje enviado: 
Mensaje Enviado: mensaje_id='PATEAR' token='TOKEN-8da5cd30-bea5-4dc2-9935-3c85daa052e3' datos={'x': 6, 'y': 19}

Mensaje recibido: None
2025-05-07 00:46:47 - __main__ - [INFO] Reaccionar
2025-05-07 00:46:47 - utils - [INFO] Jugador mas cercano 11
2025-05-07 00:46:47 - __main__ - [INFO] Accion enviada. Mensaje: mensaje_id='MARCAR_ADVERSARIO' token='TOKEN-8da5cd30-bea5-4dc2-9935-3c85daa052e3' datos={'jugador_numero': 11, 'adversario_numero': 10}
2025-05-07 00:46:47 - __main__ - [INFO] Reaccionar
2025-05-07 00:46:47 - utils - [INFO] Pelota en el aire.
2025-05-07 00:46:47 - utils - [INFO] Jugador mas cercano 11
2025-05-07 00:46:47 - __main__ - [INFO] Accion enviada. Mensaje: mensaje_id='CORRER' token='TOKEN-8da5cd30-bea5-4dc2-9935-3c85daa052e3' datos={'movimientos': [{'jugador_numero': 11, 'x': 6, 'y': 11}]}
2025-05-07 00:46:47 - __main__ - [INFO] Reaccionar
2025-05-07 00:46:47 - utils - [INFO] Jugador mas cercano 8
2025-05-07 00:46:47 - __main__ - [INFO] Accion enviada. Mensaje: mensaje_id='CORRER' token='TOKEN-8da5cd30-bea5-4dc2-9935-3c85daa052e3' datos={'movimientos': [{'jugador_numero': 8, 'x': 6, 'y': 7}]}
2025-05-07 00:46:47 - __main__ - [INFO] Reaccionar
2025-05-07 00:46:47 - utils - [INFO] Jugador mas cercano 8
2025-05-07 00:46:47 - __main__ - [INFO] Accion enviada. Mensaje: mensaje_id='CORRER' token='TOKEN-8da5cd30-bea5-4dc2-9935-3c85daa052e3' datos={'movimientos': [{'jugador_numero': 8, 'x': 6, 'y': 7}]}
2025-05-07 00:46:47 - __main__ - [INFO] Reaccionar
2025-05-07 00:46:47 - utils - [INFO] Jugador mas cercano 6
2025-05-07 00:46:47 - __main__ - [INFO] Accion enviada. Mensaje: mensaje_id='CORRER' token='TOKEN-8da5cd30-bea5-4dc2-9935-3c85daa052e3' datos={'movimientos': [{'jugador_numero': 6, 'x': 6, 'y': 7}]}
2025-05-07 00:46:47 - __main__ - [WARNING] Otro mensaje recibido. Mensaje enviado: 
Mensaje Enviado: mensaje_id='CORRER' token='TOKEN-8da5cd30-bea5-4dc2-9935-3c85daa052e3' datos={'movimientos': [{'jugador_numero': 6, 'x': 6, 'y': 7}]}

Mensaje recibido: None
2025-05-07 00:46:48 - __main__ - [INFO] Reaccionar
2025-05-07 00:46:48 - utils - [INFO] Jugador mas cercano 6
2025-05-07 00:46:48 - __main__ - [INFO] Accion enviada. Mensaje: mensaje_id='CORRER' token='TOKEN-8da5cd30-bea5-4dc2-9935-3c85daa052e3' datos={'movimientos': [{'jugador_numero': 6, 'x': 6, 'y': 7}]}
2025-05-07 00:46:48 - __main__ - [INFO] Reaccionar
2025-05-07 00:46:48 - utils - [INFO] Jugador mas cercano 6
2025-05-07 00:46:48 - __main__ - [INFO] Accion enviada. Mensaje: mensaje_id='CORRER' token='TOKEN-8da5cd30-bea5-4dc2-9935-3c85daa052e3' datos={'movimientos': [{'jugador_numero': 6, 'x': 6, 'y': 7}]}
2025-05-07 00:46:48 - __main__ - [INFO] Reaccionar
2025-05-07 00:46:48 - utils - [INFO] Jugador mas cercano 6
2025-05-07 00:46:48 - __main__ - [INFO] Accion enviada. Mensaje: mensaje_id='CORRER' token='TOKEN-8da5cd30-bea5-4dc2-9935-3c85daa052e3' datos={'movimientos': [{'jugador_numero': 6, 'x': 6, 'y': 7}]}
2025-05-07 00:46:48 - __main__ - [WARNING] Otro mensaje recibido. Mensaje enviado: 
Mensaje Enviado: mensaje_id='CORRER' token='TOKEN-8da5cd30-bea5-4dc2-9935-3c85daa052e3' datos={'movimientos': [{'jugador_numero': 6, 'x': 6, 'y': 7}]}

Mensaje recibido: None
2025-05-07 00:46:49 - __main__ - [INFO] Tienes la pelota!
2025-05-07 00:46:49 - __main__ - [INFO] Accion enviada. Mensaje: mensaje_id='PATEAR' token='TOKEN-8da5cd30-bea5-4dc2-9935-3c85daa052e3' datos={'x': 6, 'y': 19}
2025-05-07 00:46:49 - __main__ - [INFO] Tienes la pelota!
2025-05-07 00:46:49 - __main__ - [INFO] Accion enviada. Mensaje: mensaje_id='PATEAR' token='TOKEN-8da5cd30-bea5-4dc2-9935-3c85daa052e3' datos={'x': 6, 'y': 19}
2025-05-07 00:46:49 - __main__ - [INFO] Tienes la pelota!
2025-05-07 00:46:49 - __main__ - [INFO] Accion enviada. Mensaje: mensaje_id='PATEAR' token='TOKEN-8da5cd30-bea5-4dc2-9935-3c85daa052e3' datos={'x': 6, 'y': 19}
2025-05-07 00:46:49 - __main__ - [WARNING] Otro mensaje recibido. Mensaje enviado: 
Mensaje Enviado: mensaje_id='PATEAR' token='TOKEN-8da5cd30-bea5-4dc2-9935-3c85daa052e3' datos={'x': 6, 'y': 19}

Mensaje recibido: None
2025-05-07 00:46:50 - __main__ - [INFO] Reaccionar
2025-05-07 00:46:50 - utils - [INFO] Jugador mas cercano 6
2025-05-07 00:46:50 - __main__ - [INFO] Accion enviada. Mensaje: mensaje_id='MARCAR_ADVERSARIO' token='TOKEN-8da5cd30-bea5-4dc2-9935-3c85daa052e3' datos={'jugador_numero': 6, 'adversario_numero': 9}
2025-05-07 00:46:50 - __main__ - [INFO] Reaccionar
2025-05-07 00:46:50 - utils - [INFO] Jugador mas cercano 11
2025-05-07 00:46:50 - __main__ - [INFO] Accion enviada. Mensaje: mensaje_id='CORRER' token='TOKEN-8da5cd30-bea5-4dc2-9935-3c85daa052e3' datos={'movimientos': [{'jugador_numero': 11, 'x': 6, 'y': 11}]}
2025-05-07 00:46:50 - __main__ - [ERROR] Mensaje de error del servidor. Mensaje enviado: mensaje_id='CORRER' token='TOKEN-8da5cd30-bea5-4dc2-9935-3c85daa052e3' datos={'movimientos': [{'jugador_numero': 11, 'x': 6, 'y': 11}]}, Mensaje recibido: mensaje_id='ERROR' datos={'descripcion': 'PATEAR no se puede ejecturar por no poseer la pelota.'}
2025-05-07 00:46:50 - __main__ - [INFO] Tienes la pelota!
2025-05-07 00:46:50 - __main__ - [INFO] Accion enviada. Mensaje: mensaje_id='PATEAR' token='TOKEN-8da5cd30-bea5-4dc2-9935-3c85daa052e3' datos={'x': 6, 'y': 19}
2025-05-07 00:46:50 - __main__ - [WARNING] Otro mensaje recibido. Mensaje enviado: 
Mensaje Enviado: mensaje_id='PATEAR' token='TOKEN-8da5cd30-bea5-4dc2-9935-3c85daa052e3' datos={'x': 6, 'y': 19}

Mensaje recibido: None
